2025-05-22 23:58:59.797 [info] [main] Log level: Info
2025-05-22 23:58:59.797 [info] [main] Validating found git in: "git"
2025-05-22 23:58:59.797 [info] [main] Using git "2.49.0" from "git"
2025-05-22 23:58:59.797 [info] [Model][doInitialScan] Initial repository scan started
2025-05-22 23:58:59.797 [info] > git rev-parse --show-toplevel [12ms]
2025-05-22 23:58:59.797 [info] fatal: not a git repository (or any parent up to mount point /)
Stopping at filesystem boundary (GIT_DISCOVERY_ACROSS_FILESYSTEM not set).
2025-05-22 23:58:59.797 [info] > git rev-parse --show-toplevel [2ms]
2025-05-22 23:58:59.797 [info] fatal: not a git repository (or any parent up to mount point /)
Stopping at filesystem boundary (GIT_DISCOVERY_ACROSS_FILESYSTEM not set).
2025-05-22 23:58:59.799 [info] > git rev-parse --show-toplevel [180ms]
2025-05-22 23:58:59.799 [info] fatal: not a git repository (or any parent up to mount point /)
Stopping at filesystem boundary (GIT_DISCOVERY_ACROSS_FILESYSTEM not set).
2025-05-22 23:58:59.870 [info] > git rev-parse --show-toplevel [32ms]
2025-05-22 23:58:59.870 [info] fatal: not a git repository (or any parent up to mount point /)
Stopping at filesystem boundary (GIT_DISCOVERY_ACROSS_FILESYSTEM not set).
2025-05-22 23:59:00.106 [info] > git rev-parse --show-toplevel [23ms]
2025-05-22 23:59:00.106 [info] fatal: not a git repository (or any parent up to mount point /)
Stopping at filesystem boundary (GIT_DISCOVERY_ACROSS_FILESYSTEM not set).
2025-05-22 23:59:00.273 [info] > git rev-parse --show-toplevel [62ms]
2025-05-22 23:59:00.273 [info] fatal: not a git repository (or any parent up to mount point /)
Stopping at filesystem boundary (GIT_DISCOVERY_ACROSS_FILESYSTEM not set).
2025-05-22 23:59:00.360 [info] > git rev-parse --show-toplevel [17ms]
2025-05-22 23:59:00.360 [info] fatal: not a git repository (or any parent up to mount point /)
Stopping at filesystem boundary (GIT_DISCOVERY_ACROSS_FILESYSTEM not set).
2025-05-22 23:59:00.717 [info] > git rev-parse --show-toplevel [339ms]
2025-05-22 23:59:00.717 [info] fatal: not a git repository (or any parent up to mount point /)
Stopping at filesystem boundary (GIT_DISCOVERY_ACROSS_FILESYSTEM not set).
2025-05-22 23:59:00.754 [info] > git rev-parse --show-toplevel [6ms]
2025-05-22 23:59:00.754 [info] fatal: not a git repository (or any parent up to mount point /)
Stopping at filesystem boundary (GIT_DISCOVERY_ACROSS_FILESYSTEM not set).
2025-05-22 23:59:00.757 [info] [Model][doInitialScan] Initial repository scan completed - repositories (0), closed repositories (0), parent repositories (0), unsafe repositories (0)
2025-05-22 23:59:00.778 [info] > git rev-parse --show-toplevel [8ms]
2025-05-22 23:59:00.778 [info] fatal: not a git repository (or any parent up to mount point /)
Stopping at filesystem boundary (GIT_DISCOVERY_ACROSS_FILESYSTEM not set).
2025-05-22 23:59:00.805 [info] > git rev-parse --show-toplevel [3ms]
2025-05-22 23:59:00.805 [info] fatal: not a git repository (or any parent up to mount point /)
Stopping at filesystem boundary (GIT_DISCOVERY_ACROSS_FILESYSTEM not set).
2025-05-22 23:59:00.817 [info] > git rev-parse --show-toplevel [1ms]
2025-05-22 23:59:00.817 [info] fatal: not a git repository (or any parent up to mount point /)
Stopping at filesystem boundary (GIT_DISCOVERY_ACROSS_FILESYSTEM not set).
2025-05-22 23:59:00.943 [info] > git rev-parse --show-toplevel [116ms]
2025-05-22 23:59:00.943 [info] fatal: not a git repository (or any parent up to mount point /)
Stopping at filesystem boundary (GIT_DISCOVERY_ACROSS_FILESYSTEM not set).
2025-05-22 23:59:00.959 [info] > git rev-parse --show-toplevel [6ms]
2025-05-22 23:59:00.959 [info] fatal: not a git repository (or any parent up to mount point /)
Stopping at filesystem boundary (GIT_DISCOVERY_ACROSS_FILESYSTEM not set).
2025-05-22 23:59:00.970 [info] > git rev-parse --show-toplevel [1ms]
2025-05-22 23:59:00.970 [info] fatal: not a git repository (or any parent up to mount point /)
Stopping at filesystem boundary (GIT_DISCOVERY_ACROSS_FILESYSTEM not set).
2025-05-22 23:59:00.981 [info] > git rev-parse --show-toplevel [1ms]
2025-05-22 23:59:00.981 [info] fatal: not a git repository (or any parent up to mount point /)
Stopping at filesystem boundary (GIT_DISCOVERY_ACROSS_FILESYSTEM not set).
2025-05-22 23:59:00.992 [info] > git rev-parse --show-toplevel [1ms]
2025-05-22 23:59:00.992 [info] fatal: not a git repository (or any parent up to mount point /)
Stopping at filesystem boundary (GIT_DISCOVERY_ACROSS_FILESYSTEM not set).
2025-05-22 23:59:01.003 [info] > git rev-parse --show-toplevel [1ms]
2025-05-22 23:59:01.003 [info] fatal: not a git repository (or any parent up to mount point /)
Stopping at filesystem boundary (GIT_DISCOVERY_ACROSS_FILESYSTEM not set).
2025-05-22 23:59:01.014 [info] > git rev-parse --show-toplevel [1ms]
2025-05-22 23:59:01.014 [info] fatal: not a git repository (or any parent up to mount point /)
Stopping at filesystem boundary (GIT_DISCOVERY_ACROSS_FILESYSTEM not set).
2025-05-22 23:59:01.058 [info] > git rev-parse --show-toplevel [34ms]
2025-05-22 23:59:01.058 [info] fatal: not a git repository (or any parent up to mount point /)
Stopping at filesystem boundary (GIT_DISCOVERY_ACROSS_FILESYSTEM not set).
2025-05-22 23:59:01.082 [info] > git rev-parse --show-toplevel [12ms]
2025-05-22 23:59:01.082 [info] fatal: not a git repository (or any parent up to mount point /)
Stopping at filesystem boundary (GIT_DISCOVERY_ACROSS_FILESYSTEM not set).
2025-05-22 23:59:07.816 [info] > git rev-parse --show-toplevel [2ms]
2025-05-22 23:59:07.816 [info] fatal: not a git repository (or any parent up to mount point /)
Stopping at filesystem boundary (GIT_DISCOVERY_ACROSS_FILESYSTEM not set).
2025-05-22 23:59:07.865 [info] > git rev-parse --show-toplevel [8ms]
2025-05-22 23:59:07.865 [info] fatal: not a git repository (or any parent up to mount point /)
Stopping at filesystem boundary (GIT_DISCOVERY_ACROSS_FILESYSTEM not set).
2025-05-22 23:59:07.891 [info] > git rev-parse --show-toplevel [3ms]
2025-05-22 23:59:07.891 [info] fatal: not a git repository (or any parent up to mount point /)
Stopping at filesystem boundary (GIT_DISCOVERY_ACROSS_FILESYSTEM not set).
2025-05-22 23:59:28.341 [info] > git rev-parse --show-toplevel [3ms]
2025-05-22 23:59:28.341 [info] fatal: not a git repository (or any parent up to mount point /)
Stopping at filesystem boundary (GIT_DISCOVERY_ACROSS_FILESYSTEM not set).
2025-05-22 23:59:28.358 [info] > git rev-parse --show-toplevel [1ms]
2025-05-22 23:59:28.358 [info] fatal: not a git repository (or any parent up to mount point /)
Stopping at filesystem boundary (GIT_DISCOVERY_ACROSS_FILESYSTEM not set).
2025-05-22 23:59:28.371 [info] > git rev-parse --show-toplevel [1ms]
2025-05-22 23:59:28.371 [info] fatal: not a git repository (or any parent up to mount point /)
Stopping at filesystem boundary (GIT_DISCOVERY_ACROSS_FILESYSTEM not set).
2025-05-22 23:59:29.560 [info] > git rev-parse --show-toplevel [1ms]
2025-05-22 23:59:29.560 [info] fatal: not a git repository (or any parent up to mount point /)
Stopping at filesystem boundary (GIT_DISCOVERY_ACROSS_FILESYSTEM not set).
2025-05-22 23:59:29.597 [info] > git rev-parse --show-toplevel [3ms]
2025-05-22 23:59:29.597 [info] fatal: not a git repository (or any parent up to mount point /)
Stopping at filesystem boundary (GIT_DISCOVERY_ACROSS_FILESYSTEM not set).
2025-05-22 23:59:29.614 [info] > git rev-parse --show-toplevel [1ms]
2025-05-22 23:59:29.614 [info] fatal: not a git repository (or any parent up to mount point /)
Stopping at filesystem boundary (GIT_DISCOVERY_ACROSS_FILESYSTEM not set).
