2025-05-22 23:58:58.023 [info] Reading sessions from keychain...
2025-05-22 23:58:58.023 [info] Getting sessions for all scopes...
2025-05-22 23:58:58.023 [info] Getting sessions for all scopes...
2025-05-22 23:58:58.023 [info] Getting sessions for all scopes...
2025-05-22 23:58:58.023 [info] Getting sessions for all scopes...
2025-05-22 23:58:58.023 [info] Getting sessions for all scopes...
2025-05-22 23:58:58.023 [info] Getting sessions for all scopes...
2025-05-22 23:58:58.023 [info] Getting sessions for all scopes...
2025-05-22 23:58:58.093 [info] Got stored sessions!
2025-05-22 23:58:58.093 [info] Got 1 verified sessions.
2025-05-22 23:58:58.093 [info] Got 1 sessions for ...
2025-05-22 23:58:58.093 [info] Got 1 sessions for ...
2025-05-22 23:58:58.093 [info] Got 1 sessions for ...
2025-05-22 23:58:58.093 [info] Got 1 sessions for ...
2025-05-22 23:58:58.093 [info] Got 1 sessions for ...
2025-05-22 23:58:58.093 [info] Got 1 sessions for ...
2025-05-22 23:58:58.093 [info] Got 1 sessions for ...
2025-05-22 23:58:58.094 [info] Getting sessions for all scopes...
2025-05-22 23:58:58.094 [info] Got 1 sessions for ...
2025-05-22 23:58:58.095 [info] Getting sessions for all scopes...
2025-05-22 23:58:58.095 [info] Got 1 sessions for ...
2025-05-22 23:58:58.095 [info] Getting sessions for all scopes...
2025-05-22 23:58:58.095 [info] Got 1 sessions for ...
2025-05-22 23:58:58.096 [info] Getting sessions for all scopes...
2025-05-22 23:58:58.096 [info] Got 1 sessions for ...
2025-05-22 23:58:58.096 [info] Getting sessions for all scopes...
2025-05-22 23:58:58.096 [info] Got 1 sessions for ...
2025-05-22 23:58:58.096 [info] Getting sessions for all scopes...
2025-05-22 23:58:58.096 [info] Got 1 sessions for ...
2025-05-22 23:58:58.203 [info] Getting sessions for all scopes...
2025-05-22 23:58:58.203 [info] Got 1 sessions for ...
2025-05-22 23:58:59.675 [info] Getting sessions for user:email...
2025-05-22 23:58:59.675 [info] Got 1 sessions for user:email...
2025-05-22 23:58:59.696 [info] Getting sessions for all scopes...
2025-05-22 23:58:59.696 [info] Got 1 sessions for ...
2025-05-22 23:58:59.761 [info] Getting sessions for all scopes...
2025-05-22 23:58:59.761 [info] Got 1 sessions for ...
2025-05-22 23:58:59.869 [info] Getting sessions for all scopes...
2025-05-22 23:58:59.869 [info] Got 1 sessions for ...
2025-05-22 23:58:59.870 [info] Getting sessions for all scopes...
2025-05-22 23:58:59.870 [info] Got 1 sessions for ...
2025-05-22 23:58:59.871 [info] Getting sessions for all scopes...
2025-05-22 23:58:59.871 [info] Got 1 sessions for ...
2025-05-22 23:59:00.106 [info] Getting sessions for all scopes...
2025-05-22 23:59:00.106 [info] Got 1 sessions for ...
2025-05-22 23:59:00.106 [info] Getting sessions for read:user,repo,user:email,workflow...
2025-05-22 23:59:00.106 [info] Got 0 sessions for read:user,repo,user:email,workflow...
2025-05-22 23:59:00.327 [info] Getting sessions for read:user,repo,user:email,workflow...
2025-05-22 23:59:00.327 [info] Got 0 sessions for read:user,repo,user:email,workflow...
2025-05-22 23:59:00.355 [info] Getting sessions for read:user...
2025-05-22 23:59:00.356 [info] Got 0 sessions for read:user...
2025-05-22 23:59:00.717 [info] Getting sessions for user:email...
2025-05-22 23:59:00.717 [info] Got 1 sessions for user:email...
2025-05-22 23:59:00.717 [info] Getting sessions for read:user,repo,user:email,workflow...
2025-05-22 23:59:00.717 [info] Got 0 sessions for read:user,repo,user:email,workflow...
2025-05-22 23:59:00.753 [info] Getting sessions for user:email...
2025-05-22 23:59:00.753 [info] Got 1 sessions for user:email...
2025-05-22 23:59:00.779 [info] Getting sessions for all scopes...
2025-05-22 23:59:00.779 [info] Got 1 sessions for ...
2025-05-22 23:59:00.828 [info] Getting sessions for read:user,repo,user:email,workflow...
2025-05-22 23:59:00.828 [info] Got 0 sessions for read:user,repo,user:email,workflow...
2025-05-22 23:59:00.959 [info] Getting sessions for user:email...
2025-05-22 23:59:00.959 [info] Got 1 sessions for user:email...
2025-05-22 23:59:00.981 [info] Getting sessions for all scopes...
2025-05-22 23:59:00.981 [info] Got 1 sessions for ...
2025-05-22 23:59:01.003 [info] Getting sessions for read:user,repo,user:email,workflow...
2025-05-22 23:59:01.003 [info] Got 0 sessions for read:user,repo,user:email,workflow...
2025-05-22 23:59:01.014 [info] Getting sessions for user:email...
2025-05-22 23:59:01.014 [info] Got 1 sessions for user:email...
2025-05-22 23:59:01.083 [info] Getting sessions for all scopes...
2025-05-22 23:59:01.083 [info] Got 1 sessions for ...
2025-05-22 23:59:01.084 [info] Getting sessions for read:user,repo,user:email,workflow...
2025-05-22 23:59:01.084 [info] Got 0 sessions for read:user,repo,user:email,workflow...
2025-05-22 23:59:01.085 [info] Getting sessions for user:email...
2025-05-22 23:59:01.085 [info] Got 1 sessions for user:email...
2025-05-22 23:59:02.323 [info] Getting sessions for all scopes...
2025-05-22 23:59:02.323 [info] Got 1 sessions for ...
2025-05-22 23:59:02.323 [info] Getting sessions for all scopes...
2025-05-22 23:59:02.323 [info] Got 1 sessions for ...
2025-05-22 23:59:02.330 [info] Getting sessions for read:user,repo,user:email,workflow...
2025-05-22 23:59:02.330 [info] Got 0 sessions for read:user,repo,user:email,workflow...
2025-05-22 23:59:02.341 [info] Getting sessions for user:email...
2025-05-22 23:59:02.341 [info] Got 1 sessions for user:email...
2025-05-22 23:59:02.341 [info] Getting sessions for read:user,repo,user:email,workflow...
2025-05-22 23:59:02.341 [info] Got 0 sessions for read:user,repo,user:email,workflow...
2025-05-22 23:59:02.344 [info] Getting sessions for all scopes...
2025-05-22 23:59:02.344 [info] Got 1 sessions for ...
2025-05-22 23:59:02.345 [info] Getting sessions for read:user,repo,user:email,workflow...
2025-05-22 23:59:02.345 [info] Got 0 sessions for read:user,repo,user:email,workflow...
2025-05-22 23:59:02.345 [info] Getting sessions for user:email...
2025-05-22 23:59:02.345 [info] Got 1 sessions for user:email...
2025-05-22 23:59:02.424 [info] Getting sessions for all scopes...
2025-05-22 23:59:02.424 [info] Got 1 sessions for ...
2025-05-22 23:59:02.427 [info] Getting sessions for read:user,repo,user:email,workflow...
2025-05-22 23:59:02.427 [info] Got 0 sessions for read:user,repo,user:email,workflow...
2025-05-22 23:59:02.428 [info] Getting sessions for user:email...
2025-05-22 23:59:02.428 [info] Got 1 sessions for user:email...
2025-05-22 23:59:02.431 [info] Getting sessions for all scopes...
2025-05-22 23:59:02.431 [info] Got 1 sessions for ...
2025-05-22 23:59:02.432 [info] Getting sessions for all scopes...
2025-05-22 23:59:02.432 [info] Got 1 sessions for ...
2025-05-22 23:59:03.849 [info] Getting sessions for all scopes...
2025-05-22 23:59:03.849 [info] Got 1 sessions for ...
2025-05-22 23:59:03.849 [info] Getting sessions for read:user,repo,user:email,workflow...
2025-05-22 23:59:03.849 [info] Got 0 sessions for read:user,repo,user:email,workflow...
2025-05-22 23:59:03.850 [info] Getting sessions for user:email...
2025-05-22 23:59:03.850 [info] Got 1 sessions for user:email...
2025-05-23 00:00:59.228 [info] Getting sessions for all scopes...
2025-05-23 00:00:59.228 [info] Got 1 sessions for ...
2025-05-23 00:00:59.229 [info] Getting sessions for read:user,repo,user:email,workflow...
2025-05-23 00:00:59.229 [info] Got 0 sessions for read:user,repo,user:email,workflow...
2025-05-23 00:00:59.230 [info] Getting sessions for user:email...
2025-05-23 00:00:59.230 [info] Got 1 sessions for user:email...
2025-05-23 00:01:02.946 [info] Getting sessions for all scopes...
2025-05-23 00:01:02.946 [info] Got 1 sessions for ...
2025-05-23 00:01:02.948 [info] Getting sessions for read:user,repo,user:email,workflow...
2025-05-23 00:01:02.948 [info] Got 0 sessions for read:user,repo,user:email,workflow...
2025-05-23 00:01:02.952 [info] Getting sessions for user:email...
2025-05-23 00:01:02.953 [info] Got 1 sessions for user:email...
