2025-05-22 23:58:56.877 [info] [AutoSync] Using settings sync service https://vscode-sync.trafficmanager.net/
2025-05-22 23:58:56.877 [info] [AutoSync] Enabled.
2025-05-22 23:58:56.877 [info] [AutoSync] Suspended until auth token is available.
2025-05-22 23:58:59.677 [info] [AutoSync] Triggered by Interval
2025-05-22 23:58:59.678 [info] Sync started.
2025-05-22 23:59:00.155 [info] Settings: No changes found during synchronizing settings.
2025-05-22 23:59:00.162 [info] Keybindings: No changes found during synchronizing keybindings.
2025-05-22 23:59:00.164 [info] Snippets: No changes found during synchronizing snippets.
2025-05-22 23:59:00.168 [info] Tasks: No changes found during synchronizing tasks.
2025-05-22 23:59:00.173 [info] GlobalState: No changes found during synchronizing ui state.
2025-05-22 23:59:00.212 [info] Extensions: No changes found during synchronizing extensions.
2025-05-22 23:59:00.217 [info] Prompts: No changes found during synchronizing prompts.
2025-05-22 23:59:00.219 [info] Profiles: No changes found during synchronizing profiles.
2025-05-22 23:59:00.221 [info] Sync done. Took 544ms
2025-05-23 00:01:00.328 [info] [AutoSync] Triggered by Activity
2025-05-23 00:01:00.328 [info] Sync started.
2025-05-23 00:01:00.405 [info] Settings: No changes found during synchronizing settings.
2025-05-23 00:01:00.408 [info] Keybindings: No changes found during synchronizing keybindings.
2025-05-23 00:01:00.411 [info] Snippets: No changes found during synchronizing snippets.
2025-05-23 00:01:00.413 [info] Tasks: No changes found during synchronizing tasks.
2025-05-23 00:01:01.573 [info] GlobalState: Updated remote ui state. Updated: extension.features.state.
2025-05-23 00:01:01.577 [info] GlobalState: Updated last synchronized ui state
2025-05-23 00:01:01.621 [info] Extensions: No changes found during synchronizing extensions.
2025-05-23 00:01:01.627 [info] Prompts: No changes found during synchronizing prompts.
2025-05-23 00:01:01.628 [info] Profiles: No changes found during synchronizing profiles.
2025-05-23 00:01:01.629 [info] Sync done. Took 1301ms
2025-05-23 00:01:20.810 [info] [AutoSync] Triggered by Activity
2025-05-23 00:01:20.810 [info] Sync started.
2025-05-23 00:01:20.912 [info] Settings: No changes found during synchronizing settings.
2025-05-23 00:01:20.913 [info] Keybindings: No changes found during synchronizing keybindings.
2025-05-23 00:01:20.915 [info] Snippets: No changes found during synchronizing snippets.
2025-05-23 00:01:20.917 [info] Tasks: No changes found during synchronizing tasks.
2025-05-23 00:01:20.919 [info] GlobalState: No changes found during synchronizing ui state.
2025-05-23 00:01:20.943 [info] Extensions: No changes found during synchronizing extensions.
2025-05-23 00:01:20.945 [info] Prompts: No changes found during synchronizing prompts.
2025-05-23 00:01:20.945 [info] Profiles: No changes found during synchronizing profiles.
2025-05-23 00:01:20.946 [info] Sync done. Took 136ms
