2025-05-23 22:11:39.251 [info] [main] Log level: Info
2025-05-23 22:11:39.251 [info] [main] Validating found git in: "git"
2025-05-23 22:11:39.251 [info] [main] Using git "2.49.0" from "git"
2025-05-23 22:11:39.251 [info] [Model][doInitialScan] Initial repository scan started
2025-05-23 22:11:39.251 [info] > git rev-parse --show-toplevel [48ms]
2025-05-23 22:11:39.251 [info] fatal: not a git repository (or any parent up to mount point /)
Stopping at filesystem boundary (GIT_DISCOVERY_ACROSS_FILESYSTEM not set).
2025-05-23 22:11:39.251 [info] > git rev-parse --show-toplevel [7ms]
2025-05-23 22:11:39.251 [info] fatal: not a git repository (or any parent up to mount point /)
Stopping at filesystem boundary (GIT_DISCOVERY_ACROSS_FILESYSTEM not set).
2025-05-23 22:11:39.251 [info] > git rev-parse --show-toplevel [187ms]
2025-05-23 22:11:39.251 [info] fatal: not a git repository (or any parent up to mount point /)
Stopping at filesystem boundary (GIT_DISCOVERY_ACROSS_FILESYSTEM not set).
2025-05-23 22:11:39.251 [info] > git rev-parse --show-toplevel [120ms]
2025-05-23 22:11:39.251 [info] fatal: not a git repository (or any parent up to mount point /)
Stopping at filesystem boundary (GIT_DISCOVERY_ACROSS_FILESYSTEM not set).
2025-05-23 22:11:39.280 [info] > git rev-parse --show-toplevel [12ms]
2025-05-23 22:11:39.280 [info] fatal: not a git repository (or any parent up to mount point /)
Stopping at filesystem boundary (GIT_DISCOVERY_ACROSS_FILESYSTEM not set).
2025-05-23 22:11:39.460 [info] > git rev-parse --show-toplevel [39ms]
2025-05-23 22:11:39.460 [info] fatal: not a git repository (or any parent up to mount point /)
Stopping at filesystem boundary (GIT_DISCOVERY_ACROSS_FILESYSTEM not set).
2025-05-23 22:11:39.477 [info] > git rev-parse --show-toplevel [3ms]
2025-05-23 22:11:39.477 [info] fatal: not a git repository (or any parent up to mount point /)
Stopping at filesystem boundary (GIT_DISCOVERY_ACROSS_FILESYSTEM not set).
2025-05-23 22:11:40.017 [info] > git rev-parse --show-toplevel [509ms]
2025-05-23 22:11:40.017 [info] fatal: not a git repository (or any parent up to mount point /)
Stopping at filesystem boundary (GIT_DISCOVERY_ACROSS_FILESYSTEM not set).
2025-05-23 22:11:40.116 [info] > git rev-parse --show-toplevel [9ms]
2025-05-23 22:11:40.116 [info] fatal: not a git repository (or any parent up to mount point /)
Stopping at filesystem boundary (GIT_DISCOVERY_ACROSS_FILESYSTEM not set).
2025-05-23 22:11:40.120 [info] [Model][doInitialScan] Initial repository scan completed - repositories (0), closed repositories (0), parent repositories (0), unsafe repositories (0)
2025-05-23 22:11:40.151 [info] > git rev-parse --show-toplevel [3ms]
2025-05-23 22:11:40.151 [info] fatal: not a git repository (or any parent up to mount point /)
Stopping at filesystem boundary (GIT_DISCOVERY_ACROSS_FILESYSTEM not set).
2025-05-23 22:11:40.165 [info] > git rev-parse --show-toplevel [2ms]
2025-05-23 22:11:40.165 [info] fatal: not a git repository (or any parent up to mount point /)
Stopping at filesystem boundary (GIT_DISCOVERY_ACROSS_FILESYSTEM not set).
2025-05-23 22:11:40.191 [info] > git rev-parse --show-toplevel [10ms]
2025-05-23 22:11:40.191 [info] fatal: not a git repository (or any parent up to mount point /)
Stopping at filesystem boundary (GIT_DISCOVERY_ACROSS_FILESYSTEM not set).
2025-05-23 22:11:40.221 [info] > git rev-parse --show-toplevel [2ms]
2025-05-23 22:11:40.221 [info] fatal: not a git repository (or any parent up to mount point /)
Stopping at filesystem boundary (GIT_DISCOVERY_ACROSS_FILESYSTEM not set).
2025-05-23 22:11:40.365 [info] > git rev-parse --show-toplevel [131ms]
2025-05-23 22:11:40.365 [info] fatal: not a git repository (or any parent up to mount point /)
Stopping at filesystem boundary (GIT_DISCOVERY_ACROSS_FILESYSTEM not set).
2025-05-23 22:11:40.428 [info] > git rev-parse --show-toplevel [48ms]
2025-05-23 22:11:40.428 [info] fatal: not a git repository (or any parent up to mount point /)
Stopping at filesystem boundary (GIT_DISCOVERY_ACROSS_FILESYSTEM not set).
2025-05-23 22:11:40.449 [info] > git rev-parse --show-toplevel [1ms]
2025-05-23 22:11:40.449 [info] fatal: not a git repository (or any parent up to mount point /)
Stopping at filesystem boundary (GIT_DISCOVERY_ACROSS_FILESYSTEM not set).
2025-05-23 22:11:40.472 [info] > git rev-parse --show-toplevel [4ms]
2025-05-23 22:11:40.473 [info] fatal: not a git repository (or any parent up to mount point /)
Stopping at filesystem boundary (GIT_DISCOVERY_ACROSS_FILESYSTEM not set).
2025-05-23 22:11:40.511 [info] > git rev-parse --show-toplevel [6ms]
2025-05-23 22:11:40.511 [info] fatal: not a git repository (or any parent up to mount point /)
Stopping at filesystem boundary (GIT_DISCOVERY_ACROSS_FILESYSTEM not set).
2025-05-23 22:11:40.533 [info] > git rev-parse --show-toplevel [6ms]
2025-05-23 22:11:40.533 [info] fatal: not a git repository (or any parent up to mount point /)
Stopping at filesystem boundary (GIT_DISCOVERY_ACROSS_FILESYSTEM not set).
2025-05-23 22:11:40.556 [info] > git rev-parse --show-toplevel [9ms]
2025-05-23 22:11:40.556 [info] fatal: not a git repository (or any parent up to mount point /)
Stopping at filesystem boundary (GIT_DISCOVERY_ACROSS_FILESYSTEM not set).
2025-05-23 22:11:40.586 [info] > git rev-parse --show-toplevel [2ms]
2025-05-23 22:11:40.586 [info] fatal: not a git repository (or any parent up to mount point /)
Stopping at filesystem boundary (GIT_DISCOVERY_ACROSS_FILESYSTEM not set).
2025-05-23 22:11:40.607 [info] > git rev-parse --show-toplevel [5ms]
2025-05-23 22:11:40.607 [info] fatal: not a git repository (or any parent up to mount point /)
Stopping at filesystem boundary (GIT_DISCOVERY_ACROSS_FILESYSTEM not set).
2025-05-23 22:11:40.635 [info] > git rev-parse --show-toplevel [2ms]
2025-05-23 22:11:40.635 [info] fatal: not a git repository (or any parent up to mount point /)
Stopping at filesystem boundary (GIT_DISCOVERY_ACROSS_FILESYSTEM not set).
2025-05-23 22:11:40.650 [info] > git rev-parse --show-toplevel [1ms]
2025-05-23 22:11:40.650 [info] fatal: not a git repository (or any parent up to mount point /)
Stopping at filesystem boundary (GIT_DISCOVERY_ACROSS_FILESYSTEM not set).
2025-05-23 22:11:40.681 [info] > git rev-parse --show-toplevel [17ms]
2025-05-23 22:11:40.681 [info] fatal: not a git repository (or any parent up to mount point /)
Stopping at filesystem boundary (GIT_DISCOVERY_ACROSS_FILESYSTEM not set).
2025-05-23 22:11:40.697 [info] > git rev-parse --show-toplevel [2ms]
2025-05-23 22:11:40.697 [info] fatal: not a git repository (or any parent up to mount point /)
Stopping at filesystem boundary (GIT_DISCOVERY_ACROSS_FILESYSTEM not set).
2025-05-23 22:11:40.711 [info] > git rev-parse --show-toplevel [1ms]
2025-05-23 22:11:40.711 [info] fatal: not a git repository (or any parent up to mount point /)
Stopping at filesystem boundary (GIT_DISCOVERY_ACROSS_FILESYSTEM not set).
2025-05-23 22:11:40.740 [info] > git rev-parse --show-toplevel [16ms]
2025-05-23 22:11:40.740 [info] fatal: not a git repository (or any parent up to mount point /)
Stopping at filesystem boundary (GIT_DISCOVERY_ACROSS_FILESYSTEM not set).
2025-05-23 22:11:40.754 [info] > git rev-parse --show-toplevel [1ms]
2025-05-23 22:11:40.754 [info] fatal: not a git repository (or any parent up to mount point /)
Stopping at filesystem boundary (GIT_DISCOVERY_ACROSS_FILESYSTEM not set).
2025-05-23 22:11:40.770 [info] > git rev-parse --show-toplevel [4ms]
2025-05-23 22:11:40.770 [info] fatal: not a git repository (or any parent up to mount point /)
Stopping at filesystem boundary (GIT_DISCOVERY_ACROSS_FILESYSTEM not set).
2025-05-23 22:11:40.784 [info] > git rev-parse --show-toplevel [1ms]
2025-05-23 22:11:40.784 [info] fatal: not a git repository (or any parent up to mount point /)
Stopping at filesystem boundary (GIT_DISCOVERY_ACROSS_FILESYSTEM not set).
2025-05-23 22:11:40.797 [info] > git rev-parse --show-toplevel [1ms]
2025-05-23 22:11:40.797 [info] fatal: not a git repository (or any parent up to mount point /)
Stopping at filesystem boundary (GIT_DISCOVERY_ACROSS_FILESYSTEM not set).
2025-05-23 22:11:40.811 [info] > git rev-parse --show-toplevel [0ms]
2025-05-23 22:11:40.811 [info] fatal: not a git repository (or any parent up to mount point /)
Stopping at filesystem boundary (GIT_DISCOVERY_ACROSS_FILESYSTEM not set).
2025-05-23 22:11:40.825 [info] > git rev-parse --show-toplevel [0ms]
2025-05-23 22:11:40.825 [info] fatal: not a git repository (or any parent up to mount point /)
Stopping at filesystem boundary (GIT_DISCOVERY_ACROSS_FILESYSTEM not set).
2025-05-23 22:11:44.156 [info] > git rev-parse --show-toplevel [2ms]
2025-05-23 22:11:44.156 [info] fatal: not a git repository (or any parent up to mount point /)
Stopping at filesystem boundary (GIT_DISCOVERY_ACROSS_FILESYSTEM not set).
2025-05-23 22:12:28.290 [info] > git rev-parse --show-toplevel [2ms]
2025-05-23 22:12:28.290 [info] fatal: not a git repository (or any parent up to mount point /)
Stopping at filesystem boundary (GIT_DISCOVERY_ACROSS_FILESYSTEM not set).
2025-05-23 22:12:29.858 [info] > git rev-parse --show-toplevel [2ms]
2025-05-23 22:12:29.858 [info] fatal: not a git repository (or any parent up to mount point /)
Stopping at filesystem boundary (GIT_DISCOVERY_ACROSS_FILESYSTEM not set).
2025-05-23 22:12:31.541 [info] > git rev-parse --show-toplevel [3ms]
2025-05-23 22:12:31.541 [info] fatal: not a git repository (or any parent up to mount point /)
Stopping at filesystem boundary (GIT_DISCOVERY_ACROSS_FILESYSTEM not set).
2025-05-23 22:12:46.006 [info] > git rev-parse --show-toplevel [1ms]
2025-05-23 22:12:46.006 [info] fatal: not a git repository (or any parent up to mount point /)
Stopping at filesystem boundary (GIT_DISCOVERY_ACROSS_FILESYSTEM not set).
2025-05-23 22:12:51.788 [info] > git rev-parse --show-toplevel [2ms]
2025-05-23 22:12:51.788 [info] fatal: not a git repository (or any parent up to mount point /)
Stopping at filesystem boundary (GIT_DISCOVERY_ACROSS_FILESYSTEM not set).
2025-05-23 22:13:36.704 [info] > git rev-parse --show-toplevel [1ms]
2025-05-23 22:13:36.704 [info] fatal: not a git repository (or any parent up to mount point /)
Stopping at filesystem boundary (GIT_DISCOVERY_ACROSS_FILESYSTEM not set).
2025-05-23 22:17:11.582 [info] > git rev-parse --show-toplevel [2ms]
2025-05-23 22:17:11.582 [info] fatal: not a git repository (or any parent up to mount point /)
Stopping at filesystem boundary (GIT_DISCOVERY_ACROSS_FILESYSTEM not set).
2025-05-23 22:17:18.607 [info] > git rev-parse --show-toplevel [2ms]
2025-05-23 22:17:18.607 [info] fatal: not a git repository (or any parent up to mount point /)
Stopping at filesystem boundary (GIT_DISCOVERY_ACROSS_FILESYSTEM not set).
2025-05-23 22:17:32.749 [info] > git rev-parse --show-toplevel [3ms]
2025-05-23 22:17:32.749 [info] fatal: not a git repository (or any parent up to mount point /)
Stopping at filesystem boundary (GIT_DISCOVERY_ACROSS_FILESYSTEM not set).
2025-05-23 22:17:34.240 [info] > git rev-parse --show-toplevel [1ms]
2025-05-23 22:17:34.240 [info] fatal: not a git repository (or any parent up to mount point /)
Stopping at filesystem boundary (GIT_DISCOVERY_ACROSS_FILESYSTEM not set).
2025-05-23 22:17:34.836 [info] > git rev-parse --show-toplevel [2ms]
2025-05-23 22:17:34.836 [info] fatal: not a git repository (or any parent up to mount point /)
Stopping at filesystem boundary (GIT_DISCOVERY_ACROSS_FILESYSTEM not set).
