2025-05-22 23:57:53.938 [info] [main] Log level: Info
2025-05-22 23:57:53.938 [info] [main] Validating found git in: "git"
2025-05-22 23:57:53.938 [info] [main] Using git "2.49.0" from "git"
2025-05-22 23:57:53.938 [info] [Model][doInitialScan] Initial repository scan started
2025-05-22 23:57:53.938 [info] > git rev-parse --show-toplevel [216ms]
2025-05-22 23:57:53.938 [info] fatal: not a git repository (or any parent up to mount point /)
Stopping at filesystem boundary (GIT_DISCOVERY_ACROSS_FILESYSTEM not set).
2025-05-22 23:57:53.938 [info] > git rev-parse --show-toplevel [153ms]
2025-05-22 23:57:53.938 [info] fatal: not a git repository (or any parent up to mount point /)
Stopping at filesystem boundary (GIT_DISCOVERY_ACROSS_FILESYSTEM not set).
2025-05-22 23:57:53.939 [info] > git rev-parse --show-toplevel [48ms]
2025-05-22 23:57:53.939 [info] fatal: not a git repository (or any parent up to mount point /)
Stopping at filesystem boundary (GIT_DISCOVERY_ACROSS_FILESYSTEM not set).
2025-05-22 23:57:54.167 [info] > git rev-parse --show-toplevel [18ms]
2025-05-22 23:57:54.167 [info] fatal: not a git repository (or any parent up to mount point /)
Stopping at filesystem boundary (GIT_DISCOVERY_ACROSS_FILESYSTEM not set).
2025-05-22 23:57:54.361 [info] > git rev-parse --show-toplevel [97ms]
2025-05-22 23:57:54.361 [info] fatal: not a git repository (or any parent up to mount point /)
Stopping at filesystem boundary (GIT_DISCOVERY_ACROSS_FILESYSTEM not set).
2025-05-22 23:57:54.380 [info] > git rev-parse --show-toplevel [3ms]
2025-05-22 23:57:54.380 [info] fatal: not a git repository (or any parent up to mount point /)
Stopping at filesystem boundary (GIT_DISCOVERY_ACROSS_FILESYSTEM not set).
2025-05-22 23:57:54.748 [info] > git rev-parse --show-toplevel [341ms]
2025-05-22 23:57:54.748 [info] fatal: not a git repository (or any parent up to mount point /)
Stopping at filesystem boundary (GIT_DISCOVERY_ACROSS_FILESYSTEM not set).
2025-05-22 23:57:54.789 [info] > git rev-parse --show-toplevel [5ms]
2025-05-22 23:57:54.789 [info] fatal: not a git repository (or any parent up to mount point /)
Stopping at filesystem boundary (GIT_DISCOVERY_ACROSS_FILESYSTEM not set).
2025-05-22 23:57:54.811 [info] > git rev-parse --show-toplevel [8ms]
2025-05-22 23:57:54.811 [info] fatal: not a git repository (or any parent up to mount point /)
Stopping at filesystem boundary (GIT_DISCOVERY_ACROSS_FILESYSTEM not set).
2025-05-22 23:57:54.814 [info] [Model][doInitialScan] Initial repository scan completed - repositories (0), closed repositories (0), parent repositories (0), unsafe repositories (0)
2025-05-22 23:57:54.849 [info] > git rev-parse --show-toplevel [6ms]
2025-05-22 23:57:54.849 [info] fatal: not a git repository (or any parent up to mount point /)
Stopping at filesystem boundary (GIT_DISCOVERY_ACROSS_FILESYSTEM not set).
2025-05-22 23:57:54.864 [info] > git rev-parse --show-toplevel [3ms]
2025-05-22 23:57:54.864 [info] fatal: not a git repository (or any parent up to mount point /)
Stopping at filesystem boundary (GIT_DISCOVERY_ACROSS_FILESYSTEM not set).
2025-05-22 23:57:54.883 [info] > git rev-parse --show-toplevel [6ms]
2025-05-22 23:57:54.883 [info] fatal: not a git repository (or any parent up to mount point /)
Stopping at filesystem boundary (GIT_DISCOVERY_ACROSS_FILESYSTEM not set).
2025-05-22 23:57:55.026 [info] > git rev-parse --show-toplevel [129ms]
2025-05-22 23:57:55.026 [info] fatal: not a git repository (or any parent up to mount point /)
Stopping at filesystem boundary (GIT_DISCOVERY_ACROSS_FILESYSTEM not set).
2025-05-22 23:57:55.042 [info] > git rev-parse --show-toplevel [2ms]
2025-05-22 23:57:55.042 [info] fatal: not a git repository (or any parent up to mount point /)
Stopping at filesystem boundary (GIT_DISCOVERY_ACROSS_FILESYSTEM not set).
2025-05-22 23:57:55.060 [info] > git rev-parse --show-toplevel [1ms]
2025-05-22 23:57:55.060 [info] fatal: not a git repository (or any parent up to mount point /)
Stopping at filesystem boundary (GIT_DISCOVERY_ACROSS_FILESYSTEM not set).
2025-05-22 23:57:55.077 [info] > git rev-parse --show-toplevel [1ms]
2025-05-22 23:57:55.078 [info] fatal: not a git repository (or any parent up to mount point /)
Stopping at filesystem boundary (GIT_DISCOVERY_ACROSS_FILESYSTEM not set).
2025-05-22 23:57:55.124 [info] > git rev-parse --show-toplevel [30ms]
2025-05-22 23:57:55.124 [info] fatal: not a git repository (or any parent up to mount point /)
Stopping at filesystem boundary (GIT_DISCOVERY_ACROSS_FILESYSTEM not set).
2025-05-22 23:57:55.160 [info] > git rev-parse --show-toplevel [7ms]
2025-05-22 23:57:55.160 [info] fatal: not a git repository (or any parent up to mount point /)
Stopping at filesystem boundary (GIT_DISCOVERY_ACROSS_FILESYSTEM not set).
2025-05-22 23:57:55.177 [info] > git rev-parse --show-toplevel [2ms]
2025-05-22 23:57:55.177 [info] fatal: not a git repository (or any parent up to mount point /)
Stopping at filesystem boundary (GIT_DISCOVERY_ACROSS_FILESYSTEM not set).
2025-05-22 23:57:55.207 [info] > git rev-parse --show-toplevel [16ms]
2025-05-22 23:57:55.207 [info] fatal: not a git repository (or any parent up to mount point /)
Stopping at filesystem boundary (GIT_DISCOVERY_ACROSS_FILESYSTEM not set).
2025-05-22 23:57:55.222 [info] > git rev-parse --show-toplevel [2ms]
2025-05-22 23:57:55.222 [info] fatal: not a git repository (or any parent up to mount point /)
Stopping at filesystem boundary (GIT_DISCOVERY_ACROSS_FILESYSTEM not set).
2025-05-22 23:57:55.233 [info] > git rev-parse --show-toplevel [1ms]
2025-05-22 23:57:55.233 [info] fatal: not a git repository (or any parent up to mount point /)
Stopping at filesystem boundary (GIT_DISCOVERY_ACROSS_FILESYSTEM not set).
2025-05-22 23:57:55.255 [info] > git rev-parse --show-toplevel [11ms]
2025-05-22 23:57:55.255 [info] fatal: not a git repository (or any parent up to mount point /)
Stopping at filesystem boundary (GIT_DISCOVERY_ACROSS_FILESYSTEM not set).
2025-05-22 23:57:55.266 [info] > git rev-parse --show-toplevel [1ms]
2025-05-22 23:57:55.266 [info] fatal: not a git repository (or any parent up to mount point /)
Stopping at filesystem boundary (GIT_DISCOVERY_ACROSS_FILESYSTEM not set).
2025-05-22 23:58:00.904 [info] > git rev-parse --show-toplevel [4ms]
2025-05-22 23:58:00.904 [info] fatal: not a git repository (or any parent up to mount point /)
Stopping at filesystem boundary (GIT_DISCOVERY_ACROSS_FILESYSTEM not set).
2025-05-22 23:58:00.921 [info] > git rev-parse --show-toplevel [2ms]
2025-05-22 23:58:00.921 [info] fatal: not a git repository (or any parent up to mount point /)
Stopping at filesystem boundary (GIT_DISCOVERY_ACROSS_FILESYSTEM not set).
2025-05-22 23:58:00.938 [info] > git rev-parse --show-toplevel [1ms]
2025-05-22 23:58:00.938 [info] fatal: not a git repository (or any parent up to mount point /)
Stopping at filesystem boundary (GIT_DISCOVERY_ACROSS_FILESYSTEM not set).
2025-05-22 23:58:02.651 [info] > git rev-parse --show-toplevel [3ms]
2025-05-22 23:58:02.651 [info] fatal: not a git repository (or any parent up to mount point /)
Stopping at filesystem boundary (GIT_DISCOVERY_ACROSS_FILESYSTEM not set).
2025-05-22 23:58:02.678 [info] > git rev-parse --show-toplevel [1ms]
2025-05-22 23:58:02.678 [info] fatal: not a git repository (or any parent up to mount point /)
Stopping at filesystem boundary (GIT_DISCOVERY_ACROSS_FILESYSTEM not set).
2025-05-22 23:58:02.696 [info] > git rev-parse --show-toplevel [1ms]
2025-05-22 23:58:02.696 [info] fatal: not a git repository (or any parent up to mount point /)
Stopping at filesystem boundary (GIT_DISCOVERY_ACROSS_FILESYSTEM not set).
