2025-05-22 20:19:26.215 [info] Reading sessions from keychain...
2025-05-22 20:19:26.215 [info] Getting sessions for all scopes...
2025-05-22 20:19:26.215 [info] Getting sessions for all scopes...
2025-05-22 20:19:26.215 [info] Getting sessions for all scopes...
2025-05-22 20:19:26.215 [info] Getting sessions for all scopes...
2025-05-22 20:19:26.215 [info] Getting sessions for all scopes...
2025-05-22 20:19:26.215 [info] Getting sessions for all scopes...
2025-05-22 20:19:26.215 [info] Getting sessions for all scopes...
2025-05-22 20:19:26.260 [info] Got stored sessions!
2025-05-22 20:19:26.260 [info] Got 1 verified sessions.
2025-05-22 20:19:26.260 [info] Got 1 sessions for ...
2025-05-22 20:19:26.261 [info] Got 1 sessions for ...
2025-05-22 20:19:26.261 [info] Got 1 sessions for ...
2025-05-22 20:19:26.261 [info] Got 1 sessions for ...
2025-05-22 20:19:26.261 [info] Got 1 sessions for ...
2025-05-22 20:19:26.261 [info] Got 1 sessions for ...
2025-05-22 20:19:26.261 [info] Got 1 sessions for ...
2025-05-22 20:19:26.280 [info] Getting sessions for all scopes...
2025-05-22 20:19:26.280 [info] Got 1 sessions for ...
2025-05-22 20:19:26.280 [info] Getting sessions for all scopes...
2025-05-22 20:19:26.280 [info] Got 1 sessions for ...
2025-05-22 20:19:26.280 [info] Getting sessions for all scopes...
2025-05-22 20:19:26.280 [info] Got 1 sessions for ...
2025-05-22 20:19:26.281 [info] Getting sessions for all scopes...
2025-05-22 20:19:26.281 [info] Got 1 sessions for ...
2025-05-22 20:19:26.281 [info] Getting sessions for all scopes...
2025-05-22 20:19:26.281 [info] Got 1 sessions for ...
2025-05-22 20:19:26.281 [info] Getting sessions for all scopes...
2025-05-22 20:19:26.281 [info] Got 1 sessions for ...
2025-05-22 20:19:26.410 [info] Getting sessions for all scopes...
2025-05-22 20:19:26.410 [info] Got 1 sessions for ...
2025-05-22 20:19:27.469 [info] Getting sessions for user:email...
2025-05-22 20:19:27.470 [info] Got 1 sessions for user:email...
2025-05-22 20:19:27.480 [info] Getting sessions for all scopes...
2025-05-22 20:19:27.480 [info] Got 1 sessions for ...
2025-05-22 20:19:27.772 [info] Getting sessions for all scopes...
2025-05-22 20:19:27.772 [info] Got 1 sessions for ...
2025-05-22 20:19:27.772 [info] Getting sessions for all scopes...
2025-05-22 20:19:27.772 [info] Got 1 sessions for ...
2025-05-22 20:19:27.772 [info] Getting sessions for all scopes...
2025-05-22 20:19:27.772 [info] Got 1 sessions for ...
2025-05-22 20:19:27.953 [info] Getting sessions for all scopes...
2025-05-22 20:19:27.953 [info] Got 1 sessions for ...
2025-05-22 20:19:27.955 [info] Getting sessions for all scopes...
2025-05-22 20:19:27.955 [info] Got 1 sessions for ...
2025-05-22 20:19:27.968 [info] Getting sessions for read:user,repo,user:email,workflow...
2025-05-22 20:19:27.968 [info] Got 0 sessions for read:user,repo,user:email,workflow...
2025-05-22 20:19:28.054 [info] Getting sessions for read:user,repo,user:email,workflow...
2025-05-22 20:19:28.055 [info] Got 0 sessions for read:user,repo,user:email,workflow...
2025-05-22 20:19:28.073 [info] Getting sessions for read:user...
2025-05-22 20:19:28.073 [info] Got 0 sessions for read:user...
2025-05-22 20:19:28.499 [info] Getting sessions for user:email...
2025-05-22 20:19:28.499 [info] Got 1 sessions for user:email...
2025-05-22 20:19:28.499 [info] Getting sessions for read:user,repo,user:email,workflow...
2025-05-22 20:19:28.499 [info] Got 0 sessions for read:user,repo,user:email,workflow...
2025-05-22 20:19:28.510 [info] Getting sessions for user:email...
2025-05-22 20:19:28.510 [info] Got 1 sessions for user:email...
2025-05-22 20:19:28.514 [info] Getting sessions for all scopes...
2025-05-22 20:19:28.514 [info] Got 1 sessions for ...
2025-05-22 20:19:28.517 [info] Getting sessions for read:user,repo,user:email,workflow...
2025-05-22 20:19:28.517 [info] Got 0 sessions for read:user,repo,user:email,workflow...
2025-05-22 20:19:28.639 [info] Getting sessions for user:email...
2025-05-22 20:19:28.639 [info] Got 1 sessions for user:email...
2025-05-22 20:19:28.640 [info] Getting sessions for all scopes...
2025-05-22 20:19:28.640 [info] Got 1 sessions for ...
2025-05-22 20:19:28.640 [info] Getting sessions for read:user,repo,user:email,workflow...
2025-05-22 20:19:28.640 [info] Got 0 sessions for read:user,repo,user:email,workflow...
2025-05-22 20:19:28.641 [info] Getting sessions for user:email...
2025-05-22 20:19:28.641 [info] Got 1 sessions for user:email...
2025-05-22 20:19:28.881 [info] Getting sessions for all scopes...
2025-05-22 20:19:28.881 [info] Got 1 sessions for ...
2025-05-22 20:19:28.891 [info] Getting sessions for read:user,repo,user:email,workflow...
2025-05-22 20:19:28.891 [info] Got 0 sessions for read:user,repo,user:email,workflow...
2025-05-22 20:19:28.895 [info] Getting sessions for user:email...
2025-05-22 20:19:28.895 [info] Got 1 sessions for user:email...
2025-05-22 20:19:29.950 [info] Getting sessions for all scopes...
2025-05-22 20:19:29.950 [info] Got 1 sessions for ...
2025-05-22 20:19:29.951 [info] Getting sessions for all scopes...
2025-05-22 20:19:29.951 [info] Got 1 sessions for ...
2025-05-22 20:19:29.952 [info] Getting sessions for read:user,repo,user:email,workflow...
2025-05-22 20:19:29.952 [info] Got 0 sessions for read:user,repo,user:email,workflow...
2025-05-22 20:19:29.953 [info] Getting sessions for user:email...
2025-05-22 20:19:29.953 [info] Got 1 sessions for user:email...
2025-05-22 20:19:29.953 [info] Getting sessions for read:user,repo,user:email,workflow...
2025-05-22 20:19:29.953 [info] Got 0 sessions for read:user,repo,user:email,workflow...
2025-05-22 20:19:29.955 [info] Getting sessions for all scopes...
2025-05-22 20:19:29.955 [info] Got 1 sessions for ...
2025-05-22 20:19:29.955 [info] Getting sessions for read:user,repo,user:email,workflow...
2025-05-22 20:19:29.955 [info] Got 0 sessions for read:user,repo,user:email,workflow...
2025-05-22 20:19:29.957 [info] Getting sessions for user:email...
2025-05-22 20:19:29.957 [info] Got 1 sessions for user:email...
2025-05-22 20:19:30.016 [info] Getting sessions for all scopes...
2025-05-22 20:19:30.016 [info] Got 1 sessions for ...
2025-05-22 20:19:30.017 [info] Getting sessions for read:user,repo,user:email,workflow...
2025-05-22 20:19:30.017 [info] Got 0 sessions for read:user,repo,user:email,workflow...
2025-05-22 20:19:30.017 [info] Getting sessions for user:email...
2025-05-22 20:19:30.017 [info] Got 1 sessions for user:email...
2025-05-22 20:19:30.022 [info] Getting sessions for all scopes...
2025-05-22 20:19:30.022 [info] Got 1 sessions for ...
2025-05-22 20:19:30.024 [info] Getting sessions for all scopes...
2025-05-22 20:19:30.024 [info] Got 1 sessions for ...
2025-05-22 20:19:31.446 [info] Getting sessions for all scopes...
2025-05-22 20:19:31.446 [info] Got 1 sessions for ...
2025-05-22 20:19:31.447 [info] Getting sessions for read:user,repo,user:email,workflow...
2025-05-22 20:19:31.447 [info] Got 0 sessions for read:user,repo,user:email,workflow...
2025-05-22 20:19:31.448 [info] Getting sessions for user:email...
2025-05-22 20:19:31.448 [info] Got 1 sessions for user:email...
2025-05-22 20:28:16.484 [info] Reading sessions from keychain...
2025-05-22 20:28:16.484 [info] Getting sessions for all scopes...
2025-05-22 20:28:16.484 [info] Getting sessions for all scopes...
2025-05-22 20:28:16.484 [info] Getting sessions for all scopes...
2025-05-22 20:28:16.484 [info] Got stored sessions!
2025-05-22 20:28:16.484 [info] Got 1 verified sessions.
2025-05-22 20:28:16.484 [info] Got 1 sessions for ...
2025-05-22 20:28:16.484 [info] Got 1 sessions for ...
2025-05-22 20:28:16.484 [info] Got 1 sessions for ...
2025-05-22 20:28:16.484 [info] Getting sessions for all scopes...
2025-05-22 20:28:16.484 [info] Got 1 sessions for ...
2025-05-22 20:28:16.484 [info] Getting sessions for all scopes...
2025-05-22 20:28:16.484 [info] Got 1 sessions for ...
2025-05-22 20:28:16.485 [info] Getting sessions for all scopes...
2025-05-22 20:28:16.485 [info] Got 1 sessions for ...
2025-05-22 20:28:16.485 [info] Getting sessions for all scopes...
2025-05-22 20:28:16.485 [info] Got 1 sessions for ...
2025-05-22 20:28:16.485 [info] Getting sessions for all scopes...
2025-05-22 20:28:16.485 [info] Got 1 sessions for ...
2025-05-22 20:28:16.535 [info] Getting sessions for all scopes...
2025-05-22 20:28:16.535 [info] Got 1 sessions for ...
2025-05-22 20:28:16.654 [info] Getting sessions for all scopes...
2025-05-22 20:28:16.654 [info] Got 1 sessions for ...
2025-05-22 20:28:16.654 [info] Getting sessions for all scopes...
2025-05-22 20:28:16.654 [info] Got 1 sessions for ...
2025-05-22 20:28:16.654 [info] Getting sessions for all scopes...
2025-05-22 20:28:16.654 [info] Got 1 sessions for ...
2025-05-22 20:28:16.654 [info] Getting sessions for all scopes...
2025-05-22 20:28:16.654 [info] Got 1 sessions for ...
2025-05-22 20:28:16.654 [info] Getting sessions for all scopes...
2025-05-22 20:28:16.654 [info] Got 1 sessions for ...
2025-05-22 20:28:16.678 [info] Getting sessions for user:email...
2025-05-22 20:28:16.678 [info] Got 1 sessions for user:email...
2025-05-22 20:28:16.811 [info] Getting sessions for all scopes...
2025-05-22 20:28:16.811 [info] Got 1 sessions for ...
2025-05-22 20:28:17.779 [info] Getting sessions for all scopes...
2025-05-22 20:28:17.779 [info] Got 1 sessions for ...
2025-05-22 20:28:17.779 [info] Getting sessions for all scopes...
2025-05-22 20:28:17.779 [info] Got 1 sessions for ...
2025-05-22 20:28:17.779 [info] Getting sessions for all scopes...
2025-05-22 20:28:17.779 [info] Got 1 sessions for ...
2025-05-22 20:28:17.880 [info] Getting sessions for all scopes...
2025-05-22 20:28:17.880 [info] Got 1 sessions for ...
2025-05-22 20:28:17.881 [info] Getting sessions for read:user,repo,user:email,workflow...
2025-05-22 20:28:17.881 [info] Got 0 sessions for read:user,repo,user:email,workflow...
2025-05-22 20:28:17.885 [info] Getting sessions for read:user,repo,user:email,workflow...
2025-05-22 20:28:17.885 [info] Got 0 sessions for read:user,repo,user:email,workflow...
2025-05-22 20:28:17.886 [info] Getting sessions for read:user...
2025-05-22 20:28:17.886 [info] Got 0 sessions for read:user...
2025-05-22 20:28:18.108 [info] Getting sessions for user:email...
2025-05-22 20:28:18.108 [info] Got 1 sessions for user:email...
2025-05-22 20:28:18.108 [info] Getting sessions for read:user,repo,user:email,workflow...
2025-05-22 20:28:18.108 [info] Got 0 sessions for read:user,repo,user:email,workflow...
2025-05-22 20:28:18.109 [info] Getting sessions for user:email...
2025-05-22 20:28:18.109 [info] Got 1 sessions for user:email...
2025-05-22 20:28:18.118 [info] Getting sessions for all scopes...
2025-05-22 20:28:18.118 [info] Got 1 sessions for ...
2025-05-22 20:28:18.264 [info] Getting sessions for read:user,repo,user:email,workflow...
2025-05-22 20:28:18.264 [info] Got 0 sessions for read:user,repo,user:email,workflow...
2025-05-22 20:28:18.271 [info] Getting sessions for all scopes...
2025-05-22 20:28:18.271 [info] Got 1 sessions for ...
2025-05-22 20:28:18.282 [info] Getting sessions for user:email...
2025-05-22 20:28:18.282 [info] Got 1 sessions for user:email...
2025-05-22 20:28:18.283 [info] Getting sessions for all scopes...
2025-05-22 20:28:18.283 [info] Got 1 sessions for ...
2025-05-22 20:28:18.284 [info] Getting sessions for read:user,repo,user:email,workflow...
2025-05-22 20:28:18.284 [info] Got 0 sessions for read:user,repo,user:email,workflow...
2025-05-22 20:28:18.284 [info] Getting sessions for user:email...
2025-05-22 20:28:18.284 [info] Got 1 sessions for user:email...
2025-05-22 20:28:18.468 [info] Getting sessions for all scopes...
2025-05-22 20:28:18.468 [info] Got 1 sessions for ...
2025-05-22 20:28:18.468 [info] Getting sessions for read:user,repo,user:email,workflow...
2025-05-22 20:28:18.469 [info] Got 0 sessions for read:user,repo,user:email,workflow...
2025-05-22 20:28:18.469 [info] Getting sessions for user:email...
2025-05-22 20:28:18.469 [info] Got 1 sessions for user:email...
2025-05-22 20:28:19.625 [info] Getting sessions for all scopes...
2025-05-22 20:28:19.625 [info] Got 1 sessions for ...
2025-05-22 20:28:19.625 [info] Getting sessions for all scopes...
2025-05-22 20:28:19.625 [info] Got 1 sessions for ...
2025-05-22 20:28:19.634 [info] Getting sessions for read:user,repo,user:email,workflow...
2025-05-22 20:28:19.634 [info] Got 0 sessions for read:user,repo,user:email,workflow...
2025-05-22 20:28:19.635 [info] Getting sessions for user:email...
2025-05-22 20:28:19.635 [info] Got 1 sessions for user:email...
2025-05-22 20:28:19.635 [info] Getting sessions for read:user,repo,user:email,workflow...
2025-05-22 20:28:19.635 [info] Got 0 sessions for read:user,repo,user:email,workflow...
2025-05-22 20:28:19.637 [info] Getting sessions for all scopes...
2025-05-22 20:28:19.637 [info] Got 1 sessions for ...
2025-05-22 20:28:19.637 [info] Getting sessions for read:user,repo,user:email,workflow...
2025-05-22 20:28:19.637 [info] Got 0 sessions for read:user,repo,user:email,workflow...
2025-05-22 20:28:19.638 [info] Getting sessions for user:email...
2025-05-22 20:28:19.638 [info] Got 1 sessions for user:email...
2025-05-22 20:28:19.681 [info] Getting sessions for all scopes...
2025-05-22 20:28:19.681 [info] Got 1 sessions for ...
2025-05-22 20:28:19.682 [info] Getting sessions for read:user,repo,user:email,workflow...
2025-05-22 20:28:19.682 [info] Got 0 sessions for read:user,repo,user:email,workflow...
2025-05-22 20:28:19.683 [info] Getting sessions for user:email...
2025-05-22 20:28:19.683 [info] Got 1 sessions for user:email...
2025-05-22 20:28:19.685 [info] Getting sessions for all scopes...
2025-05-22 20:28:19.685 [info] Got 1 sessions for ...
2025-05-22 20:28:19.685 [info] Getting sessions for all scopes...
2025-05-22 20:28:19.685 [info] Got 1 sessions for ...
2025-05-22 20:28:21.497 [info] Getting sessions for all scopes...
2025-05-22 20:28:21.497 [info] Got 1 sessions for ...
2025-05-22 20:28:21.498 [info] Getting sessions for read:user,repo,user:email,workflow...
2025-05-22 20:28:21.498 [info] Got 0 sessions for read:user,repo,user:email,workflow...
2025-05-22 20:28:21.498 [info] Getting sessions for user:email...
2025-05-22 20:28:21.498 [info] Got 1 sessions for user:email...
2025-05-22 20:29:09.815 [info] Reading sessions from keychain...
2025-05-22 20:29:09.815 [info] Getting sessions for all scopes...
2025-05-22 20:29:09.815 [info] Getting sessions for all scopes...
2025-05-22 20:29:09.815 [info] Getting sessions for all scopes...
2025-05-22 20:29:09.815 [info] Getting sessions for user:email...
2025-05-22 20:29:09.815 [info] Got stored sessions!
2025-05-22 20:29:09.815 [info] Got 1 verified sessions.
2025-05-22 20:29:09.815 [info] Got 1 sessions for ...
2025-05-22 20:29:09.815 [info] Got 1 sessions for ...
2025-05-22 20:29:09.815 [info] Got 1 sessions for ...
2025-05-22 20:29:09.815 [info] Got 1 sessions for user:email...
2025-05-22 20:29:09.815 [info] Getting sessions for all scopes...
2025-05-22 20:29:09.815 [info] Got 1 sessions for ...
2025-05-22 20:29:11.024 [info] Getting sessions for all scopes...
2025-05-22 20:29:11.024 [info] Got 1 sessions for ...
2025-05-22 20:29:11.024 [info] Getting sessions for all scopes...
2025-05-22 20:29:11.024 [info] Got 1 sessions for ...
2025-05-22 20:29:11.174 [info] Getting sessions for read:user,repo,user:email,workflow...
2025-05-22 20:29:11.174 [info] Got 0 sessions for read:user,repo,user:email,workflow...
2025-05-22 20:29:11.175 [info] Getting sessions for read:user,repo,user:email,workflow...
2025-05-22 20:29:11.175 [info] Got 0 sessions for read:user,repo,user:email,workflow...
2025-05-22 20:29:11.176 [info] Getting sessions for read:user...
2025-05-22 20:29:11.176 [info] Got 0 sessions for read:user...
2025-05-22 20:29:11.408 [info] Getting sessions for user:email...
2025-05-22 20:29:11.408 [info] Got 1 sessions for user:email...
2025-05-22 20:29:11.408 [info] Getting sessions for read:user,repo,user:email,workflow...
2025-05-22 20:29:11.408 [info] Got 0 sessions for read:user,repo,user:email,workflow...
2025-05-22 20:29:11.409 [info] Getting sessions for user:email...
2025-05-22 20:29:11.409 [info] Got 1 sessions for user:email...
2025-05-22 20:29:11.411 [info] Getting sessions for all scopes...
2025-05-22 20:29:11.411 [info] Got 1 sessions for ...
2025-05-22 20:29:11.413 [info] Getting sessions for read:user,repo,user:email,workflow...
2025-05-22 20:29:11.413 [info] Got 0 sessions for read:user,repo,user:email,workflow...
2025-05-22 20:29:11.515 [info] Getting sessions for user:email...
2025-05-22 20:29:11.515 [info] Got 1 sessions for user:email...
2025-05-22 20:29:11.516 [info] Getting sessions for all scopes...
2025-05-22 20:29:11.516 [info] Got 1 sessions for ...
2025-05-22 20:29:11.517 [info] Getting sessions for read:user,repo,user:email,workflow...
2025-05-22 20:29:11.517 [info] Got 0 sessions for read:user,repo,user:email,workflow...
2025-05-22 20:29:11.518 [info] Getting sessions for user:email...
2025-05-22 20:29:11.518 [info] Got 1 sessions for user:email...
2025-05-22 20:29:11.601 [info] Getting sessions for all scopes...
2025-05-22 20:29:11.601 [info] Got 1 sessions for ...
2025-05-22 20:29:11.613 [info] Getting sessions for read:user,repo,user:email,workflow...
2025-05-22 20:29:11.613 [info] Got 0 sessions for read:user,repo,user:email,workflow...
2025-05-22 20:29:11.614 [info] Getting sessions for user:email...
2025-05-22 20:29:11.614 [info] Got 1 sessions for user:email...
2025-05-22 20:29:12.794 [info] Getting sessions for all scopes...
2025-05-22 20:29:12.795 [info] Got 1 sessions for ...
2025-05-22 20:29:12.795 [info] Getting sessions for all scopes...
2025-05-22 20:29:12.795 [info] Got 1 sessions for ...
2025-05-22 20:29:12.803 [info] Getting sessions for read:user,repo,user:email,workflow...
2025-05-22 20:29:12.803 [info] Got 0 sessions for read:user,repo,user:email,workflow...
2025-05-22 20:29:12.804 [info] Getting sessions for user:email...
2025-05-22 20:29:12.804 [info] Got 1 sessions for user:email...
2025-05-22 20:29:12.804 [info] Getting sessions for read:user,repo,user:email,workflow...
2025-05-22 20:29:12.804 [info] Got 0 sessions for read:user,repo,user:email,workflow...
2025-05-22 20:29:12.805 [info] Getting sessions for all scopes...
2025-05-22 20:29:12.805 [info] Got 1 sessions for ...
2025-05-22 20:29:12.806 [info] Getting sessions for read:user,repo,user:email,workflow...
2025-05-22 20:29:12.806 [info] Got 0 sessions for read:user,repo,user:email,workflow...
2025-05-22 20:29:12.807 [info] Getting sessions for user:email...
2025-05-22 20:29:12.807 [info] Got 1 sessions for user:email...
2025-05-22 20:29:12.919 [info] Getting sessions for all scopes...
2025-05-22 20:29:12.919 [info] Got 1 sessions for ...
2025-05-22 20:29:12.921 [info] Getting sessions for read:user,repo,user:email,workflow...
2025-05-22 20:29:12.921 [info] Got 0 sessions for read:user,repo,user:email,workflow...
2025-05-22 20:29:12.922 [info] Getting sessions for user:email...
2025-05-22 20:29:12.922 [info] Got 1 sessions for user:email...
2025-05-22 20:29:13.487 [info] Getting sessions for all scopes...
2025-05-22 20:29:13.488 [info] Got 1 sessions for ...
2025-05-22 20:29:13.488 [info] Getting sessions for read:user,repo,user:email,workflow...
2025-05-22 20:29:13.488 [info] Got 0 sessions for read:user,repo,user:email,workflow...
2025-05-22 20:29:13.489 [info] Getting sessions for user:email...
2025-05-22 20:29:13.489 [info] Got 1 sessions for user:email...
