2025-05-23 22:11:37.434 [info] Reading sessions from keychain...
2025-05-23 22:11:37.434 [info] Getting sessions for all scopes...
2025-05-23 22:11:37.434 [info] Getting sessions for all scopes...
2025-05-23 22:11:37.434 [info] Getting sessions for all scopes...
2025-05-23 22:11:37.434 [info] Getting sessions for all scopes...
2025-05-23 22:11:37.434 [info] Getting sessions for all scopes...
2025-05-23 22:11:37.434 [info] Getting sessions for all scopes...
2025-05-23 22:11:37.434 [info] Getting sessions for all scopes...
2025-05-23 22:11:37.434 [info] Got stored sessions!
2025-05-23 22:11:37.434 [info] Got 1 verified sessions.
2025-05-23 22:11:37.434 [info] Got 1 sessions for ...
2025-05-23 22:11:37.434 [info] Got 1 sessions for ...
2025-05-23 22:11:37.434 [info] Got 1 sessions for ...
2025-05-23 22:11:37.434 [info] Got 1 sessions for ...
2025-05-23 22:11:37.434 [info] Got 1 sessions for ...
2025-05-23 22:11:37.434 [info] Got 1 sessions for ...
2025-05-23 22:11:37.434 [info] Got 1 sessions for ...
2025-05-23 22:11:37.434 [info] Getting sessions for all scopes...
2025-05-23 22:11:37.434 [info] Got 1 sessions for ...
2025-05-23 22:11:37.434 [info] Getting sessions for all scopes...
2025-05-23 22:11:37.434 [info] Got 1 sessions for ...
2025-05-23 22:11:37.434 [info] Getting sessions for all scopes...
2025-05-23 22:11:37.434 [info] Got 1 sessions for ...
2025-05-23 22:11:37.434 [info] Getting sessions for all scopes...
2025-05-23 22:11:37.434 [info] Got 1 sessions for ...
2025-05-23 22:11:37.434 [info] Getting sessions for all scopes...
2025-05-23 22:11:37.434 [info] Got 1 sessions for ...
2025-05-23 22:11:37.434 [info] Getting sessions for all scopes...
2025-05-23 22:11:37.434 [info] Got 1 sessions for ...
2025-05-23 22:11:38.469 [info] Getting sessions for all scopes...
2025-05-23 22:11:38.469 [info] Got 1 sessions for ...
2025-05-23 22:11:39.021 [info] Getting sessions for all scopes...
2025-05-23 22:11:39.021 [info] Got 1 sessions for ...
2025-05-23 22:11:39.021 [info] Getting sessions for all scopes...
2025-05-23 22:11:39.021 [info] Got 1 sessions for ...
2025-05-23 22:11:39.024 [info] Getting sessions for all scopes...
2025-05-23 22:11:39.024 [info] Got 1 sessions for ...
2025-05-23 22:11:39.281 [info] Getting sessions for all scopes...
2025-05-23 22:11:39.281 [info] Got 1 sessions for ...
2025-05-23 22:11:39.281 [info] Getting sessions for read:user,repo,user:email,workflow...
2025-05-23 22:11:39.281 [info] Got 0 sessions for read:user,repo,user:email,workflow...
2025-05-23 22:11:39.364 [info] Getting sessions for user:email...
2025-05-23 22:11:39.364 [info] Got 1 sessions for user:email...
2025-05-23 22:11:39.380 [info] Getting sessions for all scopes...
2025-05-23 22:11:39.380 [info] Got 1 sessions for ...
2025-05-23 22:11:39.476 [info] Getting sessions for read:user,repo,user:email,workflow...
2025-05-23 22:11:39.476 [info] Got 0 sessions for read:user,repo,user:email,workflow...
2025-05-23 22:11:40.017 [info] Getting sessions for read:user...
2025-05-23 22:11:40.017 [info] Got 0 sessions for read:user...
2025-05-23 22:11:40.091 [info] Getting sessions for all scopes...
2025-05-23 22:11:40.091 [info] Got 1 sessions for ...
2025-05-23 22:11:40.149 [info] Getting sessions for user:email...
2025-05-23 22:11:40.149 [info] Got 1 sessions for user:email...
2025-05-23 22:11:40.149 [info] Getting sessions for read:user,repo,user:email,workflow...
2025-05-23 22:11:40.149 [info] Got 0 sessions for read:user,repo,user:email,workflow...
2025-05-23 22:11:40.164 [info] Getting sessions for user:email...
2025-05-23 22:11:40.164 [info] Got 1 sessions for user:email...
2025-05-23 22:11:40.205 [info] Getting sessions for all scopes...
2025-05-23 22:11:40.205 [info] Got 1 sessions for ...
2025-05-23 22:11:40.234 [info] Getting sessions for read:user,repo,user:email,workflow...
2025-05-23 22:11:40.234 [info] Got 0 sessions for read:user,repo,user:email,workflow...
2025-05-23 22:11:40.471 [info] Getting sessions for user:email...
2025-05-23 22:11:40.471 [info] Got 1 sessions for user:email...
2025-05-23 22:11:40.555 [info] Getting sessions for all scopes...
2025-05-23 22:11:40.555 [info] Got 1 sessions for ...
2025-05-23 22:11:40.606 [info] Getting sessions for read:user,repo,user:email,workflow...
2025-05-23 22:11:40.606 [info] Got 0 sessions for read:user,repo,user:email,workflow...
2025-05-23 22:11:40.651 [info] Getting sessions for user:email...
2025-05-23 22:11:40.651 [info] Got 1 sessions for user:email...
2025-05-23 22:11:41.883 [info] Getting sessions for all scopes...
2025-05-23 22:11:41.883 [info] Got 1 sessions for ...
2025-05-23 22:11:41.883 [info] Getting sessions for all scopes...
2025-05-23 22:11:41.883 [info] Got 1 sessions for ...
2025-05-23 22:11:41.893 [info] Getting sessions for read:user,repo,user:email,workflow...
2025-05-23 22:11:41.893 [info] Got 0 sessions for read:user,repo,user:email,workflow...
2025-05-23 22:11:41.894 [info] Getting sessions for user:email...
2025-05-23 22:11:41.894 [info] Got 1 sessions for user:email...
2025-05-23 22:11:41.894 [info] Getting sessions for read:user,repo,user:email,workflow...
2025-05-23 22:11:41.894 [info] Got 0 sessions for read:user,repo,user:email,workflow...
2025-05-23 22:11:41.896 [info] Getting sessions for all scopes...
2025-05-23 22:11:41.896 [info] Got 1 sessions for ...
2025-05-23 22:11:41.897 [info] Getting sessions for read:user,repo,user:email,workflow...
2025-05-23 22:11:41.897 [info] Got 0 sessions for read:user,repo,user:email,workflow...
2025-05-23 22:11:41.898 [info] Getting sessions for user:email...
2025-05-23 22:11:41.898 [info] Got 1 sessions for user:email...
2025-05-23 22:11:41.963 [info] Getting sessions for all scopes...
2025-05-23 22:11:41.963 [info] Got 1 sessions for ...
2025-05-23 22:11:41.964 [info] Getting sessions for read:user,repo,user:email,workflow...
2025-05-23 22:11:41.964 [info] Got 0 sessions for read:user,repo,user:email,workflow...
2025-05-23 22:11:41.965 [info] Getting sessions for user:email...
2025-05-23 22:11:41.965 [info] Got 1 sessions for user:email...
2025-05-23 22:11:41.970 [info] Getting sessions for all scopes...
2025-05-23 22:11:41.970 [info] Got 1 sessions for ...
2025-05-23 22:11:41.970 [info] Getting sessions for all scopes...
2025-05-23 22:11:41.970 [info] Got 1 sessions for ...
2025-05-23 22:11:43.468 [info] Getting sessions for all scopes...
2025-05-23 22:11:43.468 [info] Got 1 sessions for ...
2025-05-23 22:11:43.469 [info] Getting sessions for read:user,repo,user:email,workflow...
2025-05-23 22:11:43.469 [info] Got 0 sessions for read:user,repo,user:email,workflow...
2025-05-23 22:11:43.469 [info] Getting sessions for user:email...
2025-05-23 22:11:43.469 [info] Got 1 sessions for user:email...
2025-05-23 22:26:43.472 [info] Getting sessions for all scopes...
2025-05-23 22:26:43.472 [info] Got 1 sessions for ...
2025-05-23 22:26:43.473 [info] Getting sessions for read:user,repo,user:email,workflow...
2025-05-23 22:26:43.473 [info] Got 0 sessions for read:user,repo,user:email,workflow...
2025-05-23 22:26:43.474 [info] Getting sessions for user:email...
2025-05-23 22:26:43.474 [info] Got 1 sessions for user:email...
