2025-05-22 23:57:51.800 [info] Reading sessions from keychain...
2025-05-22 23:57:51.800 [info] Getting sessions for all scopes...
2025-05-22 23:57:51.800 [info] Getting sessions for all scopes...
2025-05-22 23:57:51.800 [info] Getting sessions for all scopes...
2025-05-22 23:57:51.801 [info] Getting sessions for all scopes...
2025-05-22 23:57:51.801 [info] Getting sessions for all scopes...
2025-05-22 23:57:51.801 [info] Getting sessions for all scopes...
2025-05-22 23:57:51.801 [info] Getting sessions for all scopes...
2025-05-22 23:57:51.847 [info] Got stored sessions!
2025-05-22 23:57:51.847 [info] Got 1 verified sessions.
2025-05-22 23:57:51.847 [info] Got 1 sessions for ...
2025-05-22 23:57:51.847 [info] Got 1 sessions for ...
2025-05-22 23:57:51.847 [info] Got 1 sessions for ...
2025-05-22 23:57:51.847 [info] Got 1 sessions for ...
2025-05-22 23:57:51.847 [info] Got 1 sessions for ...
2025-05-22 23:57:51.847 [info] Got 1 sessions for ...
2025-05-22 23:57:51.847 [info] Got 1 sessions for ...
2025-05-22 23:57:51.848 [info] Getting sessions for all scopes...
2025-05-22 23:57:51.848 [info] Got 1 sessions for ...
2025-05-22 23:57:51.850 [info] Getting sessions for all scopes...
2025-05-22 23:57:51.850 [info] Got 1 sessions for ...
2025-05-22 23:57:51.850 [info] Getting sessions for all scopes...
2025-05-22 23:57:51.850 [info] Got 1 sessions for ...
2025-05-22 23:57:51.850 [info] Getting sessions for all scopes...
2025-05-22 23:57:51.850 [info] Got 1 sessions for ...
2025-05-22 23:57:51.851 [info] Getting sessions for all scopes...
2025-05-22 23:57:51.851 [info] Got 1 sessions for ...
2025-05-22 23:57:51.851 [info] Getting sessions for all scopes...
2025-05-22 23:57:51.851 [info] Got 1 sessions for ...
2025-05-22 23:57:52.039 [info] Getting sessions for all scopes...
2025-05-22 23:57:52.039 [info] Got 1 sessions for ...
2025-05-22 23:57:53.697 [info] Getting sessions for user:email...
2025-05-22 23:57:53.697 [info] Got 1 sessions for user:email...
2025-05-22 23:57:53.767 [info] Getting sessions for all scopes...
2025-05-22 23:57:53.768 [info] Got 1 sessions for ...
2025-05-22 23:57:53.848 [info] Getting sessions for all scopes...
2025-05-22 23:57:53.848 [info] Got 1 sessions for ...
2025-05-22 23:57:53.917 [info] Getting sessions for all scopes...
2025-05-22 23:57:53.917 [info] Got 1 sessions for ...
2025-05-22 23:57:53.917 [info] Getting sessions for all scopes...
2025-05-22 23:57:53.917 [info] Got 1 sessions for ...
2025-05-22 23:57:53.939 [info] Getting sessions for all scopes...
2025-05-22 23:57:53.939 [info] Got 1 sessions for ...
2025-05-22 23:57:54.167 [info] Getting sessions for all scopes...
2025-05-22 23:57:54.167 [info] Got 1 sessions for ...
2025-05-22 23:57:54.167 [info] Getting sessions for read:user,repo,user:email,workflow...
2025-05-22 23:57:54.167 [info] Got 0 sessions for read:user,repo,user:email,workflow...
2025-05-22 23:57:54.362 [info] Getting sessions for read:user,repo,user:email,workflow...
2025-05-22 23:57:54.362 [info] Got 0 sessions for read:user,repo,user:email,workflow...
2025-05-22 23:57:54.380 [info] Getting sessions for read:user...
2025-05-22 23:57:54.380 [info] Got 0 sessions for read:user...
2025-05-22 23:57:54.787 [info] Getting sessions for user:email...
2025-05-22 23:57:54.787 [info] Got 1 sessions for user:email...
2025-05-22 23:57:54.787 [info] Getting sessions for read:user,repo,user:email,workflow...
2025-05-22 23:57:54.787 [info] Got 0 sessions for read:user,repo,user:email,workflow...
2025-05-22 23:57:54.805 [info] Getting sessions for user:email...
2025-05-22 23:57:54.805 [info] Got 1 sessions for user:email...
2025-05-22 23:57:54.849 [info] Getting sessions for all scopes...
2025-05-22 23:57:54.849 [info] Got 1 sessions for ...
2025-05-22 23:57:54.897 [info] Getting sessions for read:user,repo,user:email,workflow...
2025-05-22 23:57:54.897 [info] Got 0 sessions for read:user,repo,user:email,workflow...
2025-05-22 23:57:55.042 [info] Getting sessions for user:email...
2025-05-22 23:57:55.042 [info] Got 1 sessions for user:email...
2025-05-22 23:57:55.076 [info] Getting sessions for all scopes...
2025-05-22 23:57:55.076 [info] Got 1 sessions for ...
2025-05-22 23:57:55.159 [info] Getting sessions for read:user,repo,user:email,workflow...
2025-05-22 23:57:55.159 [info] Got 0 sessions for read:user,repo,user:email,workflow...
2025-05-22 23:57:55.159 [info] Getting sessions for all scopes...
2025-05-22 23:57:55.159 [info] Got 1 sessions for ...
2025-05-22 23:57:55.191 [info] Getting sessions for user:email...
2025-05-22 23:57:55.191 [info] Got 1 sessions for user:email...
2025-05-22 23:57:55.192 [info] Getting sessions for read:user,repo,user:email,workflow...
2025-05-22 23:57:55.192 [info] Got 0 sessions for read:user,repo,user:email,workflow...
2025-05-22 23:57:55.233 [info] Getting sessions for user:email...
2025-05-22 23:57:55.233 [info] Got 1 sessions for user:email...
2025-05-22 23:57:56.502 [info] Getting sessions for all scopes...
2025-05-22 23:57:56.502 [info] Got 1 sessions for ...
2025-05-22 23:57:56.502 [info] Getting sessions for all scopes...
2025-05-22 23:57:56.502 [info] Got 1 sessions for ...
2025-05-22 23:57:56.514 [info] Getting sessions for read:user,repo,user:email,workflow...
2025-05-22 23:57:56.514 [info] Got 0 sessions for read:user,repo,user:email,workflow...
2025-05-22 23:57:56.514 [info] Getting sessions for user:email...
2025-05-22 23:57:56.514 [info] Got 1 sessions for user:email...
2025-05-22 23:57:56.515 [info] Getting sessions for read:user,repo,user:email,workflow...
2025-05-22 23:57:56.515 [info] Got 0 sessions for read:user,repo,user:email,workflow...
2025-05-22 23:57:56.517 [info] Getting sessions for all scopes...
2025-05-22 23:57:56.517 [info] Got 1 sessions for ...
2025-05-22 23:57:56.517 [info] Getting sessions for read:user,repo,user:email,workflow...
2025-05-22 23:57:56.517 [info] Got 0 sessions for read:user,repo,user:email,workflow...
2025-05-22 23:57:56.518 [info] Getting sessions for user:email...
2025-05-22 23:57:56.518 [info] Got 1 sessions for user:email...
2025-05-22 23:57:56.582 [info] Getting sessions for all scopes...
2025-05-22 23:57:56.582 [info] Got 1 sessions for ...
2025-05-22 23:57:56.584 [info] Getting sessions for read:user,repo,user:email,workflow...
2025-05-22 23:57:56.584 [info] Got 0 sessions for read:user,repo,user:email,workflow...
2025-05-22 23:57:56.585 [info] Getting sessions for user:email...
2025-05-22 23:57:56.585 [info] Got 1 sessions for user:email...
2025-05-22 23:57:56.588 [info] Getting sessions for all scopes...
2025-05-22 23:57:56.588 [info] Got 1 sessions for ...
2025-05-22 23:57:56.589 [info] Getting sessions for all scopes...
2025-05-22 23:57:56.589 [info] Got 1 sessions for ...
2025-05-22 23:57:58.063 [info] Getting sessions for all scopes...
2025-05-22 23:57:58.063 [info] Got 1 sessions for ...
2025-05-22 23:57:58.064 [info] Getting sessions for read:user,repo,user:email,workflow...
2025-05-22 23:57:58.064 [info] Got 0 sessions for read:user,repo,user:email,workflow...
2025-05-22 23:57:58.065 [info] Getting sessions for user:email...
2025-05-22 23:57:58.065 [info] Got 1 sessions for user:email...
