2025-05-23 08:38:16.328 [info] Reading sessions from keychain...
2025-05-23 08:38:16.328 [info] Getting sessions for all scopes...
2025-05-23 08:38:16.328 [info] Getting sessions for all scopes...
2025-05-23 08:38:16.328 [info] Getting sessions for all scopes...
2025-05-23 08:38:16.328 [info] Getting sessions for all scopes...
2025-05-23 08:38:16.328 [info] Getting sessions for all scopes...
2025-05-23 08:38:16.328 [info] Getting sessions for all scopes...
2025-05-23 08:38:16.328 [info] Getting sessions for all scopes...
2025-05-23 08:38:16.393 [info] Got stored sessions!
2025-05-23 08:38:16.393 [info] Got 1 verified sessions.
2025-05-23 08:38:16.393 [info] Got 1 sessions for ...
2025-05-23 08:38:16.393 [info] Got 1 sessions for ...
2025-05-23 08:38:16.393 [info] Got 1 sessions for ...
2025-05-23 08:38:16.393 [info] Got 1 sessions for ...
2025-05-23 08:38:16.394 [info] Got 1 sessions for ...
2025-05-23 08:38:16.394 [info] Got 1 sessions for ...
2025-05-23 08:38:16.394 [info] Got 1 sessions for ...
2025-05-23 08:38:16.396 [info] Getting sessions for all scopes...
2025-05-23 08:38:16.396 [info] Got 1 sessions for ...
2025-05-23 08:38:16.397 [info] Getting sessions for all scopes...
2025-05-23 08:38:16.397 [info] Got 1 sessions for ...
2025-05-23 08:38:16.398 [info] Getting sessions for all scopes...
2025-05-23 08:38:16.398 [info] Got 1 sessions for ...
2025-05-23 08:38:16.398 [info] Getting sessions for all scopes...
2025-05-23 08:38:16.398 [info] Got 1 sessions for ...
2025-05-23 08:38:16.398 [info] Getting sessions for all scopes...
2025-05-23 08:38:16.398 [info] Got 1 sessions for ...
2025-05-23 08:38:16.401 [info] Getting sessions for all scopes...
2025-05-23 08:38:16.401 [info] Got 1 sessions for ...
2025-05-23 08:38:16.585 [info] Getting sessions for all scopes...
2025-05-23 08:38:16.585 [info] Got 1 sessions for ...
2025-05-23 08:38:18.379 [info] Getting sessions for user:email...
2025-05-23 08:38:18.379 [info] Got 1 sessions for user:email...
2025-05-23 08:38:18.406 [info] Getting sessions for all scopes...
2025-05-23 08:38:18.406 [info] Got 1 sessions for ...
2025-05-23 08:38:18.432 [info] Getting sessions for all scopes...
2025-05-23 08:38:18.432 [info] Got 1 sessions for ...
2025-05-23 08:38:18.676 [info] Getting sessions for all scopes...
2025-05-23 08:38:18.676 [info] Got 1 sessions for ...
2025-05-23 08:38:18.676 [info] Getting sessions for all scopes...
2025-05-23 08:38:18.676 [info] Got 1 sessions for ...
2025-05-23 08:38:19.057 [info] Getting sessions for all scopes...
2025-05-23 08:38:19.057 [info] Got 1 sessions for ...
2025-05-23 08:38:19.089 [info] Getting sessions for all scopes...
2025-05-23 08:38:19.089 [info] Got 1 sessions for ...
2025-05-23 08:38:19.090 [info] Getting sessions for read:user,repo,user:email,workflow...
2025-05-23 08:38:19.090 [info] Got 0 sessions for read:user,repo,user:email,workflow...
2025-05-23 08:38:19.112 [info] Getting sessions for read:user,repo,user:email,workflow...
2025-05-23 08:38:19.112 [info] Got 0 sessions for read:user,repo,user:email,workflow...
2025-05-23 08:38:19.155 [info] Getting sessions for read:user...
2025-05-23 08:38:19.155 [info] Got 0 sessions for read:user...
2025-05-23 08:38:19.591 [info] Getting sessions for user:email...
2025-05-23 08:38:19.592 [info] Got 1 sessions for user:email...
2025-05-23 08:38:19.592 [info] Getting sessions for read:user,repo,user:email,workflow...
2025-05-23 08:38:19.592 [info] Got 0 sessions for read:user,repo,user:email,workflow...
2025-05-23 08:38:19.631 [info] Getting sessions for user:email...
2025-05-23 08:38:19.631 [info] Got 1 sessions for user:email...
2025-05-23 08:38:19.670 [info] Getting sessions for all scopes...
2025-05-23 08:38:19.670 [info] Got 1 sessions for ...
2025-05-23 08:38:19.728 [info] Getting sessions for read:user,repo,user:email,workflow...
2025-05-23 08:38:19.728 [info] Got 0 sessions for read:user,repo,user:email,workflow...
2025-05-23 08:38:19.916 [info] Getting sessions for user:email...
2025-05-23 08:38:19.916 [info] Got 1 sessions for user:email...
2025-05-23 08:38:19.963 [info] Getting sessions for all scopes...
2025-05-23 08:38:19.963 [info] Got 1 sessions for ...
2025-05-23 08:38:19.980 [info] Getting sessions for read:user,repo,user:email,workflow...
2025-05-23 08:38:19.980 [info] Got 0 sessions for read:user,repo,user:email,workflow...
2025-05-23 08:38:20.014 [info] Getting sessions for user:email...
2025-05-23 08:38:20.014 [info] Got 1 sessions for user:email...
2025-05-23 08:38:23.361 [info] Getting sessions for all scopes...
2025-05-23 08:38:23.361 [info] Got 1 sessions for ...
2025-05-23 08:38:23.362 [info] Getting sessions for all scopes...
2025-05-23 08:38:23.362 [info] Got 1 sessions for ...
2025-05-23 08:38:23.372 [info] Getting sessions for read:user,repo,user:email,workflow...
2025-05-23 08:38:23.372 [info] Got 0 sessions for read:user,repo,user:email,workflow...
2025-05-23 08:38:23.373 [info] Getting sessions for user:email...
2025-05-23 08:38:23.373 [info] Got 1 sessions for user:email...
2025-05-23 08:38:23.374 [info] Getting sessions for read:user,repo,user:email,workflow...
2025-05-23 08:38:23.374 [info] Got 0 sessions for read:user,repo,user:email,workflow...
2025-05-23 08:38:23.374 [info] Getting sessions for all scopes...
2025-05-23 08:38:23.374 [info] Got 1 sessions for ...
2025-05-23 08:38:23.375 [info] Getting sessions for read:user,repo,user:email,workflow...
2025-05-23 08:38:23.375 [info] Got 0 sessions for read:user,repo,user:email,workflow...
2025-05-23 08:38:23.376 [info] Getting sessions for user:email...
2025-05-23 08:38:23.376 [info] Got 1 sessions for user:email...
2025-05-23 08:38:23.514 [info] Getting sessions for all scopes...
2025-05-23 08:38:23.514 [info] Got 1 sessions for ...
2025-05-23 08:38:23.515 [info] Getting sessions for read:user,repo,user:email,workflow...
2025-05-23 08:38:23.515 [info] Got 0 sessions for read:user,repo,user:email,workflow...
2025-05-23 08:38:23.516 [info] Getting sessions for user:email...
2025-05-23 08:38:23.516 [info] Got 1 sessions for user:email...
2025-05-23 08:38:24.135 [info] Getting sessions for all scopes...
2025-05-23 08:38:24.135 [info] Got 1 sessions for ...
2025-05-23 08:38:24.136 [info] Getting sessions for read:user,repo,user:email,workflow...
2025-05-23 08:38:24.136 [info] Got 0 sessions for read:user,repo,user:email,workflow...
2025-05-23 08:38:24.137 [info] Getting sessions for user:email...
2025-05-23 08:38:24.137 [info] Got 1 sessions for user:email...
2025-05-23 08:38:24.140 [info] Getting sessions for all scopes...
2025-05-23 08:38:24.140 [info] Got 1 sessions for ...
2025-05-23 08:38:24.150 [info] Getting sessions for read:user,repo,user:email,workflow...
2025-05-23 08:38:24.150 [info] Got 0 sessions for read:user,repo,user:email,workflow...
2025-05-23 08:38:24.151 [info] Getting sessions for user:email...
2025-05-23 08:38:24.151 [info] Got 1 sessions for user:email...
2025-05-23 08:53:26.281 [info] Getting sessions for all scopes...
2025-05-23 08:53:26.282 [info] Got 1 sessions for ...
2025-05-23 08:53:26.284 [info] Getting sessions for read:user,repo,user:email,workflow...
2025-05-23 08:53:26.284 [info] Got 0 sessions for read:user,repo,user:email,workflow...
2025-05-23 08:53:26.285 [info] Getting sessions for user:email...
2025-05-23 08:53:26.285 [info] Got 1 sessions for user:email...
2025-05-23 09:05:07.244 [info] Getting sessions for read:user,repo,user:email,workflow...
2025-05-23 09:05:07.244 [info] Got 0 sessions for read:user,repo,user:email,workflow...
2025-05-23 09:05:07.244 [info] Getting sessions for read:user...
2025-05-23 09:05:07.244 [info] Got 0 sessions for read:user...
2025-05-23 09:05:07.245 [info] Getting sessions for user:email...
2025-05-23 09:05:07.245 [info] Got 1 sessions for user:email...
2025-05-23 09:08:26.287 [info] Getting sessions for all scopes...
2025-05-23 09:08:26.287 [info] Got 1 sessions for ...
2025-05-23 09:08:26.288 [info] Getting sessions for read:user,repo,user:email,workflow...
2025-05-23 09:08:26.288 [info] Got 0 sessions for read:user,repo,user:email,workflow...
2025-05-23 09:08:26.288 [info] Getting sessions for user:email...
2025-05-23 09:08:26.288 [info] Got 1 sessions for user:email...
2025-05-23 09:08:26.289 [info] Getting sessions for all scopes...
2025-05-23 09:08:26.289 [info] Got 1 sessions for ...
2025-05-23 09:08:26.290 [info] Getting sessions for read:user,repo,user:email,workflow...
2025-05-23 09:08:26.290 [info] Got 0 sessions for read:user,repo,user:email,workflow...
2025-05-23 09:08:26.290 [info] Getting sessions for user:email...
2025-05-23 09:08:26.290 [info] Got 1 sessions for user:email...
2025-05-23 09:08:46.548 [info] Getting sessions for all scopes...
2025-05-23 09:08:46.548 [info] Got 1 sessions for ...
2025-05-23 09:08:46.548 [info] Getting sessions for all scopes...
2025-05-23 09:08:46.548 [info] Got 1 sessions for ...
2025-05-23 09:08:46.549 [info] Getting sessions for read:user,repo,user:email,workflow...
2025-05-23 09:08:46.549 [info] Got 0 sessions for read:user,repo,user:email,workflow...
2025-05-23 09:08:46.550 [info] Getting sessions for user:email...
2025-05-23 09:08:46.550 [info] Got 1 sessions for user:email...
2025-05-23 09:08:46.550 [info] Getting sessions for read:user,repo,user:email,workflow...
2025-05-23 09:08:46.550 [info] Got 0 sessions for read:user,repo,user:email,workflow...
2025-05-23 09:08:46.552 [info] Getting sessions for all scopes...
2025-05-23 09:08:46.552 [info] Got 1 sessions for ...
2025-05-23 09:08:46.553 [info] Getting sessions for read:user,repo,user:email,workflow...
2025-05-23 09:08:46.553 [info] Got 0 sessions for read:user,repo,user:email,workflow...
2025-05-23 09:08:46.554 [info] Getting sessions for user:email...
2025-05-23 09:08:46.554 [info] Got 1 sessions for user:email...
2025-05-23 09:08:46.556 [info] Getting sessions for all scopes...
2025-05-23 09:08:46.556 [info] Got 1 sessions for ...
2025-05-23 09:08:46.557 [info] Getting sessions for read:user,repo,user:email,workflow...
2025-05-23 09:08:46.557 [info] Got 0 sessions for read:user,repo,user:email,workflow...
2025-05-23 09:08:46.558 [info] Getting sessions for user:email...
2025-05-23 09:08:46.558 [info] Got 1 sessions for user:email...
2025-05-23 09:08:46.561 [info] Getting sessions for all scopes...
2025-05-23 09:08:46.561 [info] Got 1 sessions for ...
2025-05-23 09:08:46.561 [info] Getting sessions for all scopes...
2025-05-23 09:08:46.561 [info] Got 1 sessions for ...
2025-05-23 09:08:48.516 [info] Getting sessions for all scopes...
2025-05-23 09:08:48.516 [info] Got 1 sessions for ...
2025-05-23 09:08:48.516 [info] Getting sessions for read:user,repo,user:email,workflow...
2025-05-23 09:08:48.516 [info] Got 0 sessions for read:user,repo,user:email,workflow...
2025-05-23 09:08:48.517 [info] Getting sessions for user:email...
2025-05-23 09:08:48.517 [info] Got 1 sessions for user:email...
2025-05-23 09:23:48.519 [info] Getting sessions for all scopes...
2025-05-23 09:23:48.519 [info] Got 1 sessions for ...
2025-05-23 09:23:48.520 [info] Getting sessions for read:user,repo,user:email,workflow...
2025-05-23 09:23:48.520 [info] Got 0 sessions for read:user,repo,user:email,workflow...
2025-05-23 09:23:48.521 [info] Getting sessions for user:email...
2025-05-23 09:23:48.521 [info] Got 1 sessions for user:email...
2025-05-23 09:23:48.521 [info] Getting sessions for all scopes...
2025-05-23 09:23:48.521 [info] Got 1 sessions for ...
2025-05-23 09:23:48.522 [info] Getting sessions for read:user,repo,user:email,workflow...
2025-05-23 09:23:48.522 [info] Got 0 sessions for read:user,repo,user:email,workflow...
2025-05-23 09:23:48.523 [info] Getting sessions for user:email...
2025-05-23 09:23:48.523 [info] Got 1 sessions for user:email...
2025-05-23 09:31:49.536 [info] Getting sessions for read:user,repo,user:email,workflow...
2025-05-23 09:31:49.536 [info] Got 0 sessions for read:user,repo,user:email,workflow...
2025-05-23 09:31:49.536 [info] Getting sessions for read:user...
2025-05-23 09:31:49.536 [info] Got 0 sessions for read:user...
2025-05-23 09:31:49.537 [info] Getting sessions for user:email...
2025-05-23 09:31:49.537 [info] Got 1 sessions for user:email...
