2025-05-23 20:21:16.160 [info] [main] Log level: Info
2025-05-23 20:21:16.160 [info] [main] Validating found git in: "git"
2025-05-23 20:21:16.160 [info] [main] Using git "2.49.0" from "git"
2025-05-23 20:21:16.160 [info] [Model][doInitialScan] Initial repository scan started
2025-05-23 20:21:16.160 [info] > git rev-parse --show-toplevel [12ms]
2025-05-23 20:21:16.160 [info] fatal: not a git repository (or any parent up to mount point /)
Stopping at filesystem boundary (GIT_DISCOVERY_ACROSS_FILESYSTEM not set).
2025-05-23 20:21:16.160 [info] > git rev-parse --show-toplevel [1ms]
2025-05-23 20:21:16.160 [info] fatal: not a git repository (or any parent up to mount point /)
Stopping at filesystem boundary (GIT_DISCOVERY_ACROSS_FILESYSTEM not set).
2025-05-23 20:21:16.161 [info] > git rev-parse --show-toplevel [2ms]
2025-05-23 20:21:16.161 [info] fatal: not a git repository (or any parent up to mount point /)
Stopping at filesystem boundary (GIT_DISCOVERY_ACROSS_FILESYSTEM not set).
2025-05-23 20:21:16.167 [info] > git rev-parse --show-toplevel [1ms]
2025-05-23 20:21:16.167 [info] fatal: not a git repository (or any parent up to mount point /)
Stopping at filesystem boundary (GIT_DISCOVERY_ACROSS_FILESYSTEM not set).
2025-05-23 20:21:16.175 [info] > git rev-parse --show-toplevel [2ms]
2025-05-23 20:21:16.175 [info] fatal: not a git repository (or any parent up to mount point /)
Stopping at filesystem boundary (GIT_DISCOVERY_ACROSS_FILESYSTEM not set).
2025-05-23 20:21:16.181 [info] > git rev-parse --show-toplevel [1ms]
2025-05-23 20:21:16.181 [info] fatal: not a git repository (or any parent up to mount point /)
Stopping at filesystem boundary (GIT_DISCOVERY_ACROSS_FILESYSTEM not set).
2025-05-23 20:21:16.186 [info] > git rev-parse --show-toplevel [1ms]
2025-05-23 20:21:16.186 [info] fatal: not a git repository (or any parent up to mount point /)
Stopping at filesystem boundary (GIT_DISCOVERY_ACROSS_FILESYSTEM not set).
2025-05-23 20:21:16.191 [info] > git rev-parse --show-toplevel [1ms]
2025-05-23 20:21:16.191 [info] fatal: not a git repository (or any parent up to mount point /)
Stopping at filesystem boundary (GIT_DISCOVERY_ACROSS_FILESYSTEM not set).
2025-05-23 20:21:16.195 [info] > git rev-parse --show-toplevel [0ms]
2025-05-23 20:21:16.195 [info] fatal: not a git repository (or any parent up to mount point /)
Stopping at filesystem boundary (GIT_DISCOVERY_ACROSS_FILESYSTEM not set).
2025-05-23 20:21:16.200 [info] > git rev-parse --show-toplevel [1ms]
2025-05-23 20:21:16.200 [info] fatal: not a git repository (or any parent up to mount point /)
Stopping at filesystem boundary (GIT_DISCOVERY_ACROSS_FILESYSTEM not set).
2025-05-23 20:21:16.207 [info] > git rev-parse --show-toplevel [1ms]
2025-05-23 20:21:16.207 [info] fatal: not a git repository (or any parent up to mount point /)
Stopping at filesystem boundary (GIT_DISCOVERY_ACROSS_FILESYSTEM not set).
2025-05-23 20:21:17.192 [info] > git rev-parse --show-toplevel [979ms]
2025-05-23 20:21:17.192 [info] fatal: not a git repository (or any parent up to mount point /)
Stopping at filesystem boundary (GIT_DISCOVERY_ACROSS_FILESYSTEM not set).
2025-05-23 20:21:17.549 [info] > git rev-parse --show-toplevel [109ms]
2025-05-23 20:21:17.549 [info] fatal: not a git repository (or any parent up to mount point /)
Stopping at filesystem boundary (GIT_DISCOVERY_ACROSS_FILESYSTEM not set).
2025-05-23 20:21:17.770 [info] > git rev-parse --show-toplevel [191ms]
2025-05-23 20:21:17.770 [info] fatal: not a git repository (or any parent up to mount point /)
Stopping at filesystem boundary (GIT_DISCOVERY_ACROSS_FILESYSTEM not set).
2025-05-23 20:21:17.773 [info] [Model][doInitialScan] Initial repository scan completed - repositories (0), closed repositories (0), parent repositories (0), unsafe repositories (0)
2025-05-23 20:21:17.882 [info] > git rev-parse --show-toplevel [75ms]
2025-05-23 20:21:17.882 [info] fatal: not a git repository (or any parent up to mount point /)
Stopping at filesystem boundary (GIT_DISCOVERY_ACROSS_FILESYSTEM not set).
2025-05-23 20:21:17.914 [info] > git rev-parse --show-toplevel [5ms]
2025-05-23 20:21:17.914 [info] fatal: not a git repository (or any parent up to mount point /)
Stopping at filesystem boundary (GIT_DISCOVERY_ACROSS_FILESYSTEM not set).
2025-05-23 20:21:18.378 [info] > git rev-parse --show-toplevel [450ms]
2025-05-23 20:21:18.378 [info] fatal: not a git repository (or any parent up to mount point /)
Stopping at filesystem boundary (GIT_DISCOVERY_ACROSS_FILESYSTEM not set).
2025-05-23 20:21:18.465 [info] > git rev-parse --show-toplevel [41ms]
2025-05-23 20:21:18.465 [info] fatal: not a git repository (or any parent up to mount point /)
Stopping at filesystem boundary (GIT_DISCOVERY_ACROSS_FILESYSTEM not set).
2025-05-23 20:21:18.496 [info] > git rev-parse --show-toplevel [15ms]
2025-05-23 20:21:18.496 [info] fatal: not a git repository (or any parent up to mount point /)
Stopping at filesystem boundary (GIT_DISCOVERY_ACROSS_FILESYSTEM not set).
2025-05-23 20:21:18.514 [info] > git rev-parse --show-toplevel [5ms]
2025-05-23 20:21:18.514 [info] fatal: not a git repository (or any parent up to mount point /)
Stopping at filesystem boundary (GIT_DISCOVERY_ACROSS_FILESYSTEM not set).
2025-05-23 20:21:18.546 [info] > git rev-parse --show-toplevel [21ms]
2025-05-23 20:21:18.546 [info] fatal: not a git repository (or any parent up to mount point /)
Stopping at filesystem boundary (GIT_DISCOVERY_ACROSS_FILESYSTEM not set).
2025-05-23 20:21:18.559 [info] > git rev-parse --show-toplevel [2ms]
2025-05-23 20:21:18.559 [info] fatal: not a git repository (or any parent up to mount point /)
Stopping at filesystem boundary (GIT_DISCOVERY_ACROSS_FILESYSTEM not set).
2025-05-23 20:21:18.719 [info] > git rev-parse --show-toplevel [149ms]
2025-05-23 20:21:18.719 [info] fatal: not a git repository (or any parent up to mount point /)
Stopping at filesystem boundary (GIT_DISCOVERY_ACROSS_FILESYSTEM not set).
2025-05-23 20:21:18.745 [info] > git rev-parse --show-toplevel [15ms]
2025-05-23 20:21:18.745 [info] fatal: not a git repository (or any parent up to mount point /)
Stopping at filesystem boundary (GIT_DISCOVERY_ACROSS_FILESYSTEM not set).
2025-05-23 20:21:18.767 [info] > git rev-parse --show-toplevel [10ms]
2025-05-23 20:21:18.767 [info] fatal: not a git repository (or any parent up to mount point /)
Stopping at filesystem boundary (GIT_DISCOVERY_ACROSS_FILESYSTEM not set).
2025-05-23 20:21:18.784 [info] > git rev-parse --show-toplevel [3ms]
2025-05-23 20:21:18.784 [info] fatal: not a git repository (or any parent up to mount point /)
Stopping at filesystem boundary (GIT_DISCOVERY_ACROSS_FILESYSTEM not set).
2025-05-23 20:21:18.808 [info] > git rev-parse --show-toplevel [12ms]
2025-05-23 20:21:18.808 [info] fatal: not a git repository (or any parent up to mount point /)
Stopping at filesystem boundary (GIT_DISCOVERY_ACROSS_FILESYSTEM not set).
2025-05-23 20:21:18.820 [info] > git rev-parse --show-toplevel [1ms]
2025-05-23 20:21:18.820 [info] fatal: not a git repository (or any parent up to mount point /)
Stopping at filesystem boundary (GIT_DISCOVERY_ACROSS_FILESYSTEM not set).
2025-05-23 20:21:18.837 [info] > git rev-parse --show-toplevel [6ms]
2025-05-23 20:21:18.837 [info] fatal: not a git repository (or any parent up to mount point /)
Stopping at filesystem boundary (GIT_DISCOVERY_ACROSS_FILESYSTEM not set).
2025-05-23 20:23:03.700 [info] > git rev-parse --show-toplevel [3ms]
2025-05-23 20:23:03.700 [info] fatal: not a git repository (or any parent up to mount point /)
Stopping at filesystem boundary (GIT_DISCOVERY_ACROSS_FILESYSTEM not set).
2025-05-23 20:23:48.891 [info] > git rev-parse --show-toplevel [2ms]
2025-05-23 20:23:48.891 [info] fatal: not a git repository (or any parent up to mount point /)
Stopping at filesystem boundary (GIT_DISCOVERY_ACROSS_FILESYSTEM not set).
2025-05-23 20:24:01.212 [info] > git rev-parse --show-toplevel [4ms]
2025-05-23 20:24:01.212 [info] fatal: not a git repository (or any parent up to mount point /)
Stopping at filesystem boundary (GIT_DISCOVERY_ACROSS_FILESYSTEM not set).
2025-05-23 20:24:02.981 [info] > git rev-parse --show-toplevel [2ms]
2025-05-23 20:24:02.981 [info] fatal: not a git repository (or any parent up to mount point /)
Stopping at filesystem boundary (GIT_DISCOVERY_ACROSS_FILESYSTEM not set).
2025-05-23 20:24:03.470 [info] > git rev-parse --show-toplevel [2ms]
2025-05-23 20:24:03.470 [info] fatal: not a git repository (or any parent up to mount point /)
Stopping at filesystem boundary (GIT_DISCOVERY_ACROSS_FILESYSTEM not set).
