2025-05-22 14:03:34.080 [info] Reading sessions from keychain...
2025-05-22 14:03:34.081 [info] Getting sessions for all scopes...
2025-05-22 14:03:34.081 [info] Getting sessions for all scopes...
2025-05-22 14:03:34.081 [info] Getting sessions for all scopes...
2025-05-22 14:03:34.081 [info] Getting sessions for all scopes...
2025-05-22 14:03:34.081 [info] Getting sessions for all scopes...
2025-05-22 14:03:34.081 [info] Getting sessions for all scopes...
2025-05-22 14:03:34.081 [info] Getting sessions for all scopes...
2025-05-22 14:03:34.137 [info] Got stored sessions!
2025-05-22 14:03:34.137 [info] Got 1 verified sessions.
2025-05-22 14:03:34.137 [info] Got 1 sessions for ...
2025-05-22 14:03:34.137 [info] Got 1 sessions for ...
2025-05-22 14:03:34.137 [info] Got 1 sessions for ...
2025-05-22 14:03:34.137 [info] Got 1 sessions for ...
2025-05-22 14:03:34.137 [info] Got 1 sessions for ...
2025-05-22 14:03:34.137 [info] Got 1 sessions for ...
2025-05-22 14:03:34.137 [info] Got 1 sessions for ...
2025-05-22 14:03:34.264 [info] Getting sessions for all scopes...
2025-05-22 14:03:34.264 [info] Got 1 sessions for ...
2025-05-22 14:03:34.264 [info] Getting sessions for all scopes...
2025-05-22 14:03:34.264 [info] Got 1 sessions for ...
2025-05-22 14:03:34.265 [info] Getting sessions for all scopes...
2025-05-22 14:03:34.265 [info] Got 1 sessions for ...
2025-05-22 14:03:34.265 [info] Getting sessions for all scopes...
2025-05-22 14:03:34.265 [info] Got 1 sessions for ...
2025-05-22 14:03:34.265 [info] Getting sessions for all scopes...
2025-05-22 14:03:34.265 [info] Got 1 sessions for ...
2025-05-22 14:03:34.265 [info] Getting sessions for all scopes...
2025-05-22 14:03:34.265 [info] Got 1 sessions for ...
2025-05-22 14:03:35.369 [info] Getting sessions for all scopes...
2025-05-22 14:03:35.369 [info] Got 1 sessions for ...
2025-05-22 14:03:35.434 [info] Getting sessions for user:email...
2025-05-22 14:03:35.435 [info] Got 1 sessions for user:email...
2025-05-22 14:03:35.442 [info] Getting sessions for all scopes...
2025-05-22 14:03:35.442 [info] Got 1 sessions for ...
2025-05-22 14:03:35.677 [info] Getting sessions for all scopes...
2025-05-22 14:03:35.677 [info] Got 1 sessions for ...
2025-05-22 14:03:35.746 [info] Getting sessions for all scopes...
2025-05-22 14:03:35.746 [info] Got 1 sessions for ...
2025-05-22 14:03:35.746 [info] Getting sessions for all scopes...
2025-05-22 14:03:35.746 [info] Got 1 sessions for ...
2025-05-22 14:03:35.759 [info] Getting sessions for all scopes...
2025-05-22 14:03:35.759 [info] Got 1 sessions for ...
2025-05-22 14:03:35.930 [info] Getting sessions for all scopes...
2025-05-22 14:03:35.930 [info] Got 1 sessions for ...
2025-05-22 14:03:35.930 [info] Getting sessions for read:user,repo,user:email,workflow...
2025-05-22 14:03:35.930 [info] Got 0 sessions for read:user,repo,user:email,workflow...
2025-05-22 14:03:36.056 [info] Getting sessions for read:user,repo,user:email,workflow...
2025-05-22 14:03:36.056 [info] Got 0 sessions for read:user,repo,user:email,workflow...
2025-05-22 14:03:36.070 [info] Getting sessions for read:user...
2025-05-22 14:03:36.070 [info] Got 0 sessions for read:user...
2025-05-22 14:03:36.420 [info] Getting sessions for user:email...
2025-05-22 14:03:36.420 [info] Got 1 sessions for user:email...
2025-05-22 14:03:36.420 [info] Getting sessions for read:user,repo,user:email,workflow...
2025-05-22 14:03:36.420 [info] Got 0 sessions for read:user,repo,user:email,workflow...
2025-05-22 14:03:36.445 [info] Getting sessions for user:email...
2025-05-22 14:03:36.445 [info] Got 1 sessions for user:email...
2025-05-22 14:03:36.452 [info] Getting sessions for all scopes...
2025-05-22 14:03:36.452 [info] Got 1 sessions for ...
2025-05-22 14:03:36.455 [info] Getting sessions for read:user,repo,user:email,workflow...
2025-05-22 14:03:36.455 [info] Got 0 sessions for read:user,repo,user:email,workflow...
2025-05-22 14:03:36.580 [info] Getting sessions for user:email...
2025-05-22 14:03:36.580 [info] Got 1 sessions for user:email...
2025-05-22 14:03:36.582 [info] Getting sessions for all scopes...
2025-05-22 14:03:36.582 [info] Got 1 sessions for ...
2025-05-22 14:03:36.582 [info] Getting sessions for read:user,repo,user:email,workflow...
2025-05-22 14:03:36.582 [info] Got 0 sessions for read:user,repo,user:email,workflow...
2025-05-22 14:03:36.583 [info] Getting sessions for user:email...
2025-05-22 14:03:36.583 [info] Got 1 sessions for user:email...
2025-05-22 14:03:36.818 [info] Getting sessions for all scopes...
2025-05-22 14:03:36.818 [info] Got 1 sessions for ...
2025-05-22 14:03:36.819 [info] Getting sessions for read:user,repo,user:email,workflow...
2025-05-22 14:03:36.819 [info] Got 0 sessions for read:user,repo,user:email,workflow...
2025-05-22 14:03:36.820 [info] Getting sessions for user:email...
2025-05-22 14:03:36.820 [info] Got 1 sessions for user:email...
2025-05-22 14:03:38.630 [info] Getting sessions for all scopes...
2025-05-22 14:03:38.630 [info] Got 1 sessions for ...
2025-05-22 14:03:38.630 [info] Getting sessions for all scopes...
2025-05-22 14:03:38.630 [info] Got 1 sessions for ...
2025-05-22 14:03:38.640 [info] Getting sessions for read:user,repo,user:email,workflow...
2025-05-22 14:03:38.640 [info] Got 0 sessions for read:user,repo,user:email,workflow...
2025-05-22 14:03:38.641 [info] Getting sessions for user:email...
2025-05-22 14:03:38.641 [info] Got 1 sessions for user:email...
2025-05-22 14:03:38.641 [info] Getting sessions for read:user,repo,user:email,workflow...
2025-05-22 14:03:38.641 [info] Got 0 sessions for read:user,repo,user:email,workflow...
2025-05-22 14:03:38.643 [info] Getting sessions for all scopes...
2025-05-22 14:03:38.643 [info] Got 1 sessions for ...
2025-05-22 14:03:38.644 [info] Getting sessions for read:user,repo,user:email,workflow...
2025-05-22 14:03:38.644 [info] Got 0 sessions for read:user,repo,user:email,workflow...
2025-05-22 14:03:38.645 [info] Getting sessions for user:email...
2025-05-22 14:03:38.645 [info] Got 1 sessions for user:email...
2025-05-22 14:03:38.696 [info] Getting sessions for all scopes...
2025-05-22 14:03:38.696 [info] Got 1 sessions for ...
2025-05-22 14:03:38.697 [info] Getting sessions for read:user,repo,user:email,workflow...
2025-05-22 14:03:38.697 [info] Got 0 sessions for read:user,repo,user:email,workflow...
2025-05-22 14:03:38.697 [info] Getting sessions for user:email...
2025-05-22 14:03:38.697 [info] Got 1 sessions for user:email...
2025-05-22 14:03:38.701 [info] Getting sessions for all scopes...
2025-05-22 14:03:38.701 [info] Got 1 sessions for ...
2025-05-22 14:03:38.701 [info] Getting sessions for all scopes...
2025-05-22 14:03:38.701 [info] Got 1 sessions for ...
2025-05-22 14:03:44.312 [info] Getting sessions for all scopes...
2025-05-22 14:03:44.312 [info] Got 1 sessions for ...
2025-05-22 14:03:44.312 [info] Getting sessions for read:user,repo,user:email,workflow...
2025-05-22 14:03:44.312 [info] Got 0 sessions for read:user,repo,user:email,workflow...
2025-05-22 14:03:44.313 [info] Getting sessions for user:email...
2025-05-22 14:03:44.313 [info] Got 1 sessions for user:email...
