2025-05-22 20:30:08.457 [info] Reading sessions from keychain...
2025-05-22 20:30:08.457 [info] Getting sessions for all scopes...
2025-05-22 20:30:08.457 [info] Getting sessions for all scopes...
2025-05-22 20:30:08.457 [info] Getting sessions for all scopes...
2025-05-22 20:30:08.457 [info] Getting sessions for all scopes...
2025-05-22 20:30:08.457 [info] Getting sessions for all scopes...
2025-05-22 20:30:08.457 [info] Getting sessions for all scopes...
2025-05-22 20:30:08.457 [info] Getting sessions for all scopes...
2025-05-22 20:30:08.457 [info] Got stored sessions!
2025-05-22 20:30:08.457 [info] Got 1 verified sessions.
2025-05-22 20:30:08.457 [info] Got 1 sessions for ...
2025-05-22 20:30:08.457 [info] Got 1 sessions for ...
2025-05-22 20:30:08.457 [info] Got 1 sessions for ...
2025-05-22 20:30:08.457 [info] Got 1 sessions for ...
2025-05-22 20:30:08.457 [info] Got 1 sessions for ...
2025-05-22 20:30:08.457 [info] Got 1 sessions for ...
2025-05-22 20:30:08.457 [info] Got 1 sessions for ...
2025-05-22 20:30:08.457 [info] Getting sessions for all scopes...
2025-05-22 20:30:08.457 [info] Got 1 sessions for ...
2025-05-22 20:30:08.457 [info] Getting sessions for all scopes...
2025-05-22 20:30:08.457 [info] Got 1 sessions for ...
2025-05-22 20:30:08.457 [info] Getting sessions for all scopes...
2025-05-22 20:30:08.457 [info] Got 1 sessions for ...
2025-05-22 20:30:08.457 [info] Getting sessions for all scopes...
2025-05-22 20:30:08.457 [info] Got 1 sessions for ...
2025-05-22 20:30:08.457 [info] Getting sessions for all scopes...
2025-05-22 20:30:08.457 [info] Got 1 sessions for ...
2025-05-22 20:30:08.457 [info] Getting sessions for all scopes...
2025-05-22 20:30:08.457 [info] Got 1 sessions for ...
2025-05-22 20:30:08.457 [info] Getting sessions for all scopes...
2025-05-22 20:30:08.457 [info] Got 1 sessions for ...
2025-05-22 20:30:09.449 [info] Getting sessions for user:email...
2025-05-22 20:30:09.449 [info] Got 1 sessions for user:email...
2025-05-22 20:30:09.501 [info] Getting sessions for all scopes...
2025-05-22 20:30:09.501 [info] Got 1 sessions for ...
2025-05-22 20:30:09.708 [info] Getting sessions for all scopes...
2025-05-22 20:30:09.709 [info] Got 1 sessions for ...
2025-05-22 20:30:09.709 [info] Getting sessions for all scopes...
2025-05-22 20:30:09.709 [info] Got 1 sessions for ...
2025-05-22 20:30:09.744 [info] Getting sessions for all scopes...
2025-05-22 20:30:09.744 [info] Got 1 sessions for ...
2025-05-22 20:30:10.047 [info] Getting sessions for all scopes...
2025-05-22 20:30:10.047 [info] Got 1 sessions for ...
2025-05-22 20:30:10.059 [info] Getting sessions for read:user,repo,user:email,workflow...
2025-05-22 20:30:10.059 [info] Got 0 sessions for read:user,repo,user:email,workflow...
2025-05-22 20:30:10.190 [info] Getting sessions for all scopes...
2025-05-22 20:30:10.190 [info] Got 1 sessions for ...
2025-05-22 20:30:10.199 [info] Getting sessions for read:user,repo,user:email,workflow...
2025-05-22 20:30:10.199 [info] Got 0 sessions for read:user,repo,user:email,workflow...
2025-05-22 20:30:10.201 [info] Getting sessions for read:user...
2025-05-22 20:30:10.201 [info] Got 0 sessions for read:user...
2025-05-22 20:30:10.536 [info] Getting sessions for user:email...
2025-05-22 20:30:10.537 [info] Got 1 sessions for user:email...
2025-05-22 20:30:10.538 [info] Getting sessions for read:user,repo,user:email,workflow...
2025-05-22 20:30:10.538 [info] Got 0 sessions for read:user,repo,user:email,workflow...
2025-05-22 20:30:10.540 [info] Getting sessions for user:email...
2025-05-22 20:30:10.540 [info] Got 1 sessions for user:email...
2025-05-22 20:30:10.544 [info] Getting sessions for all scopes...
2025-05-22 20:30:10.544 [info] Got 1 sessions for ...
2025-05-22 20:30:10.546 [info] Getting sessions for read:user,repo,user:email,workflow...
2025-05-22 20:30:10.546 [info] Got 0 sessions for read:user,repo,user:email,workflow...
2025-05-22 20:30:10.709 [info] Getting sessions for user:email...
2025-05-22 20:30:10.709 [info] Got 1 sessions for user:email...
2025-05-22 20:30:10.710 [info] Getting sessions for all scopes...
2025-05-22 20:30:10.710 [info] Got 1 sessions for ...
2025-05-22 20:30:10.711 [info] Getting sessions for read:user,repo,user:email,workflow...
2025-05-22 20:30:10.711 [info] Got 0 sessions for read:user,repo,user:email,workflow...
2025-05-22 20:30:10.712 [info] Getting sessions for user:email...
2025-05-22 20:30:10.712 [info] Got 1 sessions for user:email...
2025-05-22 20:30:10.951 [info] Getting sessions for all scopes...
2025-05-22 20:30:10.951 [info] Got 1 sessions for ...
2025-05-22 20:30:10.953 [info] Getting sessions for read:user,repo,user:email,workflow...
2025-05-22 20:30:10.953 [info] Got 0 sessions for read:user,repo,user:email,workflow...
2025-05-22 20:30:10.953 [info] Getting sessions for user:email...
2025-05-22 20:30:10.953 [info] Got 1 sessions for user:email...
2025-05-22 20:30:12.095 [info] Getting sessions for all scopes...
2025-05-22 20:30:12.095 [info] Got 1 sessions for ...
2025-05-22 20:30:12.095 [info] Getting sessions for all scopes...
2025-05-22 20:30:12.095 [info] Got 1 sessions for ...
2025-05-22 20:30:12.105 [info] Getting sessions for read:user,repo,user:email,workflow...
2025-05-22 20:30:12.105 [info] Got 0 sessions for read:user,repo,user:email,workflow...
2025-05-22 20:30:12.114 [info] Getting sessions for user:email...
2025-05-22 20:30:12.114 [info] Got 1 sessions for user:email...
2025-05-22 20:30:12.114 [info] Getting sessions for read:user,repo,user:email,workflow...
2025-05-22 20:30:12.114 [info] Got 0 sessions for read:user,repo,user:email,workflow...
2025-05-22 20:30:12.116 [info] Getting sessions for all scopes...
2025-05-22 20:30:12.116 [info] Got 1 sessions for ...
2025-05-22 20:30:12.117 [info] Getting sessions for read:user,repo,user:email,workflow...
2025-05-22 20:30:12.117 [info] Got 0 sessions for read:user,repo,user:email,workflow...
2025-05-22 20:30:12.117 [info] Getting sessions for user:email...
2025-05-22 20:30:12.117 [info] Got 1 sessions for user:email...
2025-05-22 20:30:12.173 [info] Getting sessions for all scopes...
2025-05-22 20:30:12.173 [info] Got 1 sessions for ...
2025-05-22 20:30:12.174 [info] Getting sessions for read:user,repo,user:email,workflow...
2025-05-22 20:30:12.174 [info] Got 0 sessions for read:user,repo,user:email,workflow...
2025-05-22 20:30:12.175 [info] Getting sessions for user:email...
2025-05-22 20:30:12.175 [info] Got 1 sessions for user:email...
2025-05-22 20:30:12.177 [info] Getting sessions for all scopes...
2025-05-22 20:30:12.177 [info] Got 1 sessions for ...
2025-05-22 20:30:12.177 [info] Getting sessions for all scopes...
2025-05-22 20:30:12.177 [info] Got 1 sessions for ...
2025-05-22 20:30:13.582 [info] Getting sessions for all scopes...
2025-05-22 20:30:13.583 [info] Got 1 sessions for ...
2025-05-22 20:30:13.583 [info] Getting sessions for read:user,repo,user:email,workflow...
2025-05-22 20:30:13.583 [info] Got 0 sessions for read:user,repo,user:email,workflow...
2025-05-22 20:30:13.584 [info] Getting sessions for user:email...
2025-05-22 20:30:13.584 [info] Got 1 sessions for user:email...
2025-05-22 20:45:13.586 [info] Getting sessions for all scopes...
2025-05-22 20:45:13.586 [info] Got 1 sessions for ...
2025-05-22 20:45:13.587 [info] Getting sessions for read:user,repo,user:email,workflow...
2025-05-22 20:45:13.587 [info] Got 0 sessions for read:user,repo,user:email,workflow...
2025-05-22 20:45:13.588 [info] Getting sessions for user:email...
2025-05-22 20:45:13.588 [info] Got 1 sessions for user:email...
2025-05-22 20:55:27.916 [info] Getting sessions for read:user,repo,user:email,workflow...
2025-05-22 20:55:27.916 [info] Got 0 sessions for read:user,repo,user:email,workflow...
2025-05-22 20:55:27.933 [info] Getting sessions for read:user...
2025-05-22 20:55:27.933 [info] Got 0 sessions for read:user...
2025-05-22 20:55:27.934 [info] Getting sessions for user:email...
2025-05-22 20:55:27.934 [info] Got 1 sessions for user:email...
2025-05-22 21:00:13.591 [info] Getting sessions for all scopes...
2025-05-22 21:00:13.591 [info] Got 1 sessions for ...
2025-05-22 21:00:13.592 [info] Getting sessions for read:user,repo,user:email,workflow...
2025-05-22 21:00:13.592 [info] Got 0 sessions for read:user,repo,user:email,workflow...
2025-05-22 21:00:13.593 [info] Getting sessions for user:email...
2025-05-22 21:00:13.593 [info] Got 1 sessions for user:email...
2025-05-22 21:00:13.593 [info] Getting sessions for all scopes...
2025-05-22 21:00:13.593 [info] Got 1 sessions for ...
2025-05-22 21:00:13.594 [info] Getting sessions for read:user,repo,user:email,workflow...
2025-05-22 21:00:13.594 [info] Got 0 sessions for read:user,repo,user:email,workflow...
2025-05-22 21:00:13.595 [info] Getting sessions for user:email...
2025-05-22 21:00:13.595 [info] Got 1 sessions for user:email...
2025-05-22 21:00:14.966 [info] Getting sessions for all scopes...
2025-05-22 21:00:14.966 [info] Got 1 sessions for ...
2025-05-22 21:00:14.966 [info] Getting sessions for all scopes...
2025-05-22 21:00:14.966 [info] Got 1 sessions for ...
2025-05-22 21:00:14.967 [info] Getting sessions for read:user,repo,user:email,workflow...
2025-05-22 21:00:14.967 [info] Got 0 sessions for read:user,repo,user:email,workflow...
2025-05-22 21:00:14.967 [info] Getting sessions for user:email...
2025-05-22 21:00:14.967 [info] Got 1 sessions for user:email...
2025-05-22 21:00:14.967 [info] Getting sessions for read:user,repo,user:email,workflow...
2025-05-22 21:00:14.967 [info] Got 0 sessions for read:user,repo,user:email,workflow...
2025-05-22 21:00:14.969 [info] Getting sessions for all scopes...
2025-05-22 21:00:14.969 [info] Got 1 sessions for ...
2025-05-22 21:00:14.970 [info] Getting sessions for read:user,repo,user:email,workflow...
2025-05-22 21:00:14.970 [info] Got 0 sessions for read:user,repo,user:email,workflow...
2025-05-22 21:00:14.970 [info] Getting sessions for user:email...
2025-05-22 21:00:14.970 [info] Got 1 sessions for user:email...
2025-05-22 21:00:14.972 [info] Getting sessions for all scopes...
2025-05-22 21:00:14.972 [info] Got 1 sessions for ...
2025-05-22 21:00:14.972 [info] Getting sessions for read:user,repo,user:email,workflow...
2025-05-22 21:00:14.972 [info] Got 0 sessions for read:user,repo,user:email,workflow...
2025-05-22 21:00:14.973 [info] Getting sessions for user:email...
2025-05-22 21:00:14.973 [info] Got 1 sessions for user:email...
2025-05-22 21:00:16.151 [info] Getting sessions for all scopes...
2025-05-22 21:00:16.151 [info] Got 1 sessions for ...
2025-05-22 21:00:16.152 [info] Getting sessions for read:user,repo,user:email,workflow...
2025-05-22 21:00:16.152 [info] Got 0 sessions for read:user,repo,user:email,workflow...
2025-05-22 21:00:16.162 [info] Getting sessions for user:email...
2025-05-22 21:00:16.162 [info] Got 1 sessions for user:email...
2025-05-22 21:15:16.164 [info] Getting sessions for all scopes...
2025-05-22 21:15:16.164 [info] Got 1 sessions for ...
2025-05-22 21:15:16.165 [info] Getting sessions for read:user,repo,user:email,workflow...
2025-05-22 21:15:16.165 [info] Got 0 sessions for read:user,repo,user:email,workflow...
2025-05-22 21:15:16.166 [info] Getting sessions for user:email...
2025-05-22 21:15:16.166 [info] Got 1 sessions for user:email...
2025-05-22 21:15:16.167 [info] Getting sessions for all scopes...
2025-05-22 21:15:16.167 [info] Got 1 sessions for ...
2025-05-22 21:15:16.169 [info] Getting sessions for read:user,repo,user:email,workflow...
2025-05-22 21:15:16.169 [info] Got 0 sessions for read:user,repo,user:email,workflow...
2025-05-22 21:15:16.170 [info] Getting sessions for user:email...
2025-05-22 21:15:16.170 [info] Got 1 sessions for user:email...
2025-05-22 21:20:30.843 [info] Getting sessions for read:user,repo,user:email,workflow...
2025-05-22 21:20:30.843 [info] Got 0 sessions for read:user,repo,user:email,workflow...
2025-05-22 21:20:30.844 [info] Getting sessions for read:user...
2025-05-22 21:20:30.844 [info] Got 0 sessions for read:user...
2025-05-22 21:20:30.845 [info] Getting sessions for user:email...
2025-05-22 21:20:30.845 [info] Got 1 sessions for user:email...
2025-05-22 21:30:17.326 [info] Getting sessions for all scopes...
2025-05-22 21:30:17.326 [info] Got 1 sessions for ...
2025-05-22 21:30:17.327 [info] Getting sessions for read:user,repo,user:email,workflow...
2025-05-22 21:30:17.327 [info] Got 0 sessions for read:user,repo,user:email,workflow...
2025-05-22 21:30:17.328 [info] Getting sessions for user:email...
2025-05-22 21:30:17.328 [info] Got 1 sessions for user:email...
2025-05-22 21:30:17.328 [info] Getting sessions for all scopes...
2025-05-22 21:30:17.329 [info] Got 1 sessions for ...
2025-05-22 21:30:17.329 [info] Getting sessions for read:user,repo,user:email,workflow...
2025-05-22 21:30:17.329 [info] Got 0 sessions for read:user,repo,user:email,workflow...
2025-05-22 21:30:17.330 [info] Getting sessions for user:email...
2025-05-22 21:30:17.330 [info] Got 1 sessions for user:email...
2025-05-22 21:30:18.741 [info] Getting sessions for all scopes...
2025-05-22 21:30:18.741 [info] Got 1 sessions for ...
2025-05-22 21:30:18.741 [info] Getting sessions for all scopes...
2025-05-22 21:30:18.741 [info] Got 1 sessions for ...
2025-05-22 21:30:18.742 [info] Getting sessions for read:user,repo,user:email,workflow...
2025-05-22 21:30:18.742 [info] Got 0 sessions for read:user,repo,user:email,workflow...
2025-05-22 21:30:18.742 [info] Getting sessions for user:email...
2025-05-22 21:30:18.742 [info] Got 1 sessions for user:email...
2025-05-22 21:30:18.742 [info] Getting sessions for read:user,repo,user:email,workflow...
2025-05-22 21:30:18.742 [info] Got 0 sessions for read:user,repo,user:email,workflow...
2025-05-22 21:30:18.743 [info] Getting sessions for all scopes...
2025-05-22 21:30:18.743 [info] Got 1 sessions for ...
2025-05-22 21:30:18.744 [info] Getting sessions for read:user,repo,user:email,workflow...
2025-05-22 21:30:18.744 [info] Got 0 sessions for read:user,repo,user:email,workflow...
2025-05-22 21:30:18.744 [info] Getting sessions for user:email...
2025-05-22 21:30:18.744 [info] Got 1 sessions for user:email...
2025-05-22 21:30:18.746 [info] Getting sessions for all scopes...
2025-05-22 21:30:18.746 [info] Got 1 sessions for ...
2025-05-22 21:30:18.746 [info] Getting sessions for read:user,repo,user:email,workflow...
2025-05-22 21:30:18.746 [info] Got 0 sessions for read:user,repo,user:email,workflow...
2025-05-22 21:30:18.747 [info] Getting sessions for user:email...
2025-05-22 21:30:18.747 [info] Got 1 sessions for user:email...
2025-05-22 21:30:19.981 [info] Getting sessions for all scopes...
2025-05-22 21:30:19.981 [info] Got 1 sessions for ...
2025-05-22 21:30:19.981 [info] Getting sessions for read:user,repo,user:email,workflow...
2025-05-22 21:30:19.981 [info] Got 0 sessions for read:user,repo,user:email,workflow...
2025-05-22 21:30:19.982 [info] Getting sessions for user:email...
2025-05-22 21:30:19.982 [info] Got 1 sessions for user:email...
2025-05-22 21:45:19.983 [info] Getting sessions for all scopes...
2025-05-22 21:45:19.984 [info] Got 1 sessions for ...
2025-05-22 21:45:19.984 [info] Getting sessions for read:user,repo,user:email,workflow...
2025-05-22 21:45:19.984 [info] Got 0 sessions for read:user,repo,user:email,workflow...
2025-05-22 21:45:19.985 [info] Getting sessions for user:email...
2025-05-22 21:45:19.985 [info] Got 1 sessions for user:email...
2025-05-22 21:45:19.986 [info] Getting sessions for all scopes...
2025-05-22 21:45:19.986 [info] Got 1 sessions for ...
2025-05-22 21:45:19.986 [info] Getting sessions for read:user,repo,user:email,workflow...
2025-05-22 21:45:19.986 [info] Got 0 sessions for read:user,repo,user:email,workflow...
2025-05-22 21:45:19.987 [info] Getting sessions for user:email...
2025-05-22 21:45:19.987 [info] Got 1 sessions for user:email...
2025-05-22 21:48:33.187 [info] Getting sessions for read:user,repo,user:email,workflow...
2025-05-22 21:48:33.187 [info] Got 0 sessions for read:user,repo,user:email,workflow...
2025-05-22 21:48:33.187 [info] Getting sessions for read:user...
2025-05-22 21:48:33.187 [info] Got 0 sessions for read:user...
2025-05-22 21:48:33.188 [info] Getting sessions for user:email...
2025-05-22 21:48:33.188 [info] Got 1 sessions for user:email...
2025-05-22 22:00:21.165 [info] Getting sessions for all scopes...
2025-05-22 22:00:21.165 [info] Got 1 sessions for ...
2025-05-22 22:00:21.166 [info] Getting sessions for read:user,repo,user:email,workflow...
2025-05-22 22:00:21.166 [info] Got 0 sessions for read:user,repo,user:email,workflow...
2025-05-22 22:00:21.166 [info] Getting sessions for user:email...
2025-05-22 22:00:21.166 [info] Got 1 sessions for user:email...
2025-05-22 22:00:21.167 [info] Getting sessions for all scopes...
2025-05-22 22:00:21.167 [info] Got 1 sessions for ...
2025-05-22 22:00:21.168 [info] Getting sessions for read:user,repo,user:email,workflow...
2025-05-22 22:00:21.168 [info] Got 0 sessions for read:user,repo,user:email,workflow...
2025-05-22 22:00:21.168 [info] Getting sessions for user:email...
2025-05-22 22:00:21.168 [info] Got 1 sessions for user:email...
2025-05-22 22:00:22.751 [info] Getting sessions for all scopes...
2025-05-22 22:00:22.751 [info] Got 1 sessions for ...
2025-05-22 22:00:22.751 [info] Getting sessions for all scopes...
2025-05-22 22:00:22.752 [info] Got 1 sessions for ...
2025-05-22 22:00:22.752 [info] Getting sessions for read:user,repo,user:email,workflow...
2025-05-22 22:00:22.752 [info] Got 0 sessions for read:user,repo,user:email,workflow...
2025-05-22 22:00:22.753 [info] Getting sessions for user:email...
2025-05-22 22:00:22.753 [info] Got 1 sessions for user:email...
2025-05-22 22:00:22.753 [info] Getting sessions for read:user,repo,user:email,workflow...
2025-05-22 22:00:22.753 [info] Got 0 sessions for read:user,repo,user:email,workflow...
2025-05-22 22:00:22.754 [info] Getting sessions for all scopes...
2025-05-22 22:00:22.754 [info] Got 1 sessions for ...
2025-05-22 22:00:22.755 [info] Getting sessions for read:user,repo,user:email,workflow...
2025-05-22 22:00:22.755 [info] Got 0 sessions for read:user,repo,user:email,workflow...
2025-05-22 22:00:22.755 [info] Getting sessions for user:email...
2025-05-22 22:00:22.755 [info] Got 1 sessions for user:email...
2025-05-22 22:00:22.756 [info] Getting sessions for all scopes...
2025-05-22 22:00:22.756 [info] Got 1 sessions for ...
2025-05-22 22:00:22.757 [info] Getting sessions for read:user,repo,user:email,workflow...
2025-05-22 22:00:22.757 [info] Got 0 sessions for read:user,repo,user:email,workflow...
2025-05-22 22:00:22.757 [info] Getting sessions for user:email...
2025-05-22 22:00:22.757 [info] Got 1 sessions for user:email...
2025-05-22 22:00:23.908 [info] Getting sessions for all scopes...
2025-05-22 22:00:23.908 [info] Got 1 sessions for ...
2025-05-22 22:00:23.908 [info] Getting sessions for read:user,repo,user:email,workflow...
2025-05-22 22:00:23.908 [info] Got 0 sessions for read:user,repo,user:email,workflow...
2025-05-22 22:00:23.909 [info] Getting sessions for user:email...
2025-05-22 22:00:23.909 [info] Got 1 sessions for user:email...
2025-05-22 22:14:42.277 [info] Getting sessions for read:user,repo,user:email,workflow...
2025-05-22 22:14:42.277 [info] Got 0 sessions for read:user,repo,user:email,workflow...
2025-05-22 22:14:42.278 [info] Getting sessions for read:user...
2025-05-22 22:14:42.278 [info] Got 0 sessions for read:user...
2025-05-22 22:14:42.278 [info] Getting sessions for user:email...
2025-05-22 22:14:42.278 [info] Got 1 sessions for user:email...
2025-05-22 22:15:23.911 [info] Getting sessions for all scopes...
2025-05-22 22:15:23.911 [info] Got 1 sessions for ...
2025-05-22 22:15:23.912 [info] Getting sessions for read:user,repo,user:email,workflow...
2025-05-22 22:15:23.912 [info] Got 0 sessions for read:user,repo,user:email,workflow...
2025-05-22 22:15:23.913 [info] Getting sessions for user:email...
2025-05-22 22:15:23.913 [info] Got 1 sessions for user:email...
2025-05-22 22:15:23.913 [info] Getting sessions for all scopes...
2025-05-22 22:15:23.913 [info] Got 1 sessions for ...
2025-05-22 22:15:23.914 [info] Getting sessions for read:user,repo,user:email,workflow...
2025-05-22 22:15:23.914 [info] Got 0 sessions for read:user,repo,user:email,workflow...
2025-05-22 22:15:23.914 [info] Getting sessions for user:email...
2025-05-22 22:15:23.914 [info] Got 1 sessions for user:email...
2025-05-22 22:30:25.190 [info] Getting sessions for all scopes...
2025-05-22 22:30:25.190 [info] Got 1 sessions for ...
2025-05-22 22:30:25.191 [info] Getting sessions for read:user,repo,user:email,workflow...
2025-05-22 22:30:25.191 [info] Got 0 sessions for read:user,repo,user:email,workflow...
2025-05-22 22:30:25.191 [info] Getting sessions for user:email...
2025-05-22 22:30:25.191 [info] Got 1 sessions for user:email...
2025-05-22 22:30:25.192 [info] Getting sessions for all scopes...
2025-05-22 22:30:25.192 [info] Got 1 sessions for ...
2025-05-22 22:30:25.193 [info] Getting sessions for read:user,repo,user:email,workflow...
2025-05-22 22:30:25.193 [info] Got 0 sessions for read:user,repo,user:email,workflow...
2025-05-22 22:30:25.196 [info] Getting sessions for user:email...
2025-05-22 22:30:25.196 [info] Got 1 sessions for user:email...
2025-05-22 22:30:26.628 [info] Getting sessions for all scopes...
2025-05-22 22:30:26.628 [info] Got 1 sessions for ...
2025-05-22 22:30:26.628 [info] Getting sessions for all scopes...
2025-05-22 22:30:26.628 [info] Got 1 sessions for ...
2025-05-22 22:30:26.628 [info] Getting sessions for read:user,repo,user:email,workflow...
2025-05-22 22:30:26.628 [info] Got 0 sessions for read:user,repo,user:email,workflow...
2025-05-22 22:30:26.629 [info] Getting sessions for user:email...
2025-05-22 22:30:26.629 [info] Got 1 sessions for user:email...
2025-05-22 22:30:26.629 [info] Getting sessions for read:user,repo,user:email,workflow...
2025-05-22 22:30:26.629 [info] Got 0 sessions for read:user,repo,user:email,workflow...
2025-05-22 22:30:26.630 [info] Getting sessions for all scopes...
2025-05-22 22:30:26.630 [info] Got 1 sessions for ...
2025-05-22 22:30:26.631 [info] Getting sessions for read:user,repo,user:email,workflow...
2025-05-22 22:30:26.631 [info] Got 0 sessions for read:user,repo,user:email,workflow...
2025-05-22 22:30:26.631 [info] Getting sessions for user:email...
2025-05-22 22:30:26.631 [info] Got 1 sessions for user:email...
2025-05-22 22:30:26.633 [info] Getting sessions for all scopes...
2025-05-22 22:30:26.633 [info] Got 1 sessions for ...
2025-05-22 22:30:26.633 [info] Getting sessions for read:user,repo,user:email,workflow...
2025-05-22 22:30:26.633 [info] Got 0 sessions for read:user,repo,user:email,workflow...
2025-05-22 22:30:26.634 [info] Getting sessions for user:email...
2025-05-22 22:30:26.634 [info] Got 1 sessions for user:email...
2025-05-22 22:30:27.780 [info] Getting sessions for all scopes...
2025-05-22 22:30:27.780 [info] Got 1 sessions for ...
2025-05-22 22:30:27.781 [info] Getting sessions for read:user,repo,user:email,workflow...
2025-05-22 22:30:27.781 [info] Got 0 sessions for read:user,repo,user:email,workflow...
2025-05-22 22:30:27.781 [info] Getting sessions for user:email...
2025-05-22 22:30:27.781 [info] Got 1 sessions for user:email...
2025-05-22 22:40:32.314 [info] Getting sessions for read:user,repo,user:email,workflow...
2025-05-22 22:40:32.314 [info] Got 0 sessions for read:user,repo,user:email,workflow...
2025-05-22 22:40:32.315 [info] Getting sessions for read:user...
2025-05-22 22:40:32.315 [info] Got 0 sessions for read:user...
2025-05-22 22:40:32.316 [info] Getting sessions for user:email...
2025-05-22 22:40:32.316 [info] Got 1 sessions for user:email...
2025-05-22 22:45:27.782 [info] Getting sessions for all scopes...
2025-05-22 22:45:27.782 [info] Got 1 sessions for ...
2025-05-22 22:45:27.783 [info] Getting sessions for read:user,repo,user:email,workflow...
2025-05-22 22:45:27.783 [info] Got 0 sessions for read:user,repo,user:email,workflow...
2025-05-22 22:45:27.783 [info] Getting sessions for user:email...
2025-05-22 22:45:27.783 [info] Got 1 sessions for user:email...
2025-05-22 22:45:27.784 [info] Getting sessions for all scopes...
2025-05-22 22:45:27.784 [info] Got 1 sessions for ...
2025-05-22 22:45:27.785 [info] Getting sessions for read:user,repo,user:email,workflow...
2025-05-22 22:45:27.785 [info] Got 0 sessions for read:user,repo,user:email,workflow...
2025-05-22 22:45:27.785 [info] Getting sessions for user:email...
2025-05-22 22:45:27.785 [info] Got 1 sessions for user:email...
2025-05-22 23:00:28.954 [info] Getting sessions for all scopes...
2025-05-22 23:00:28.955 [info] Got 1 sessions for ...
2025-05-22 23:00:28.956 [info] Getting sessions for read:user,repo,user:email,workflow...
2025-05-22 23:00:28.956 [info] Got 0 sessions for read:user,repo,user:email,workflow...
2025-05-22 23:00:28.956 [info] Getting sessions for user:email...
2025-05-22 23:00:28.956 [info] Got 1 sessions for user:email...
2025-05-22 23:00:28.957 [info] Getting sessions for all scopes...
2025-05-22 23:00:28.957 [info] Got 1 sessions for ...
2025-05-22 23:00:28.957 [info] Getting sessions for read:user,repo,user:email,workflow...
2025-05-22 23:00:28.958 [info] Got 0 sessions for read:user,repo,user:email,workflow...
2025-05-22 23:00:28.958 [info] Getting sessions for user:email...
2025-05-22 23:00:28.958 [info] Got 1 sessions for user:email...
2025-05-22 23:00:30.356 [info] Getting sessions for all scopes...
2025-05-22 23:00:30.356 [info] Got 1 sessions for ...
2025-05-22 23:00:30.356 [info] Getting sessions for all scopes...
2025-05-22 23:00:30.356 [info] Got 1 sessions for ...
2025-05-22 23:00:30.358 [info] Getting sessions for read:user,repo,user:email,workflow...
2025-05-22 23:00:30.358 [info] Got 0 sessions for read:user,repo,user:email,workflow...
2025-05-22 23:00:30.359 [info] Getting sessions for user:email...
2025-05-22 23:00:30.359 [info] Got 1 sessions for user:email...
2025-05-22 23:00:30.359 [info] Getting sessions for read:user,repo,user:email,workflow...
2025-05-22 23:00:30.359 [info] Got 0 sessions for read:user,repo,user:email,workflow...
2025-05-22 23:00:30.360 [info] Getting sessions for all scopes...
2025-05-22 23:00:30.360 [info] Got 1 sessions for ...
2025-05-22 23:00:30.360 [info] Getting sessions for read:user,repo,user:email,workflow...
2025-05-22 23:00:30.360 [info] Got 0 sessions for read:user,repo,user:email,workflow...
2025-05-22 23:00:30.361 [info] Getting sessions for user:email...
2025-05-22 23:00:30.361 [info] Got 1 sessions for user:email...
2025-05-22 23:00:30.372 [info] Getting sessions for all scopes...
2025-05-22 23:00:30.372 [info] Got 1 sessions for ...
2025-05-22 23:00:30.379 [info] Getting sessions for read:user,repo,user:email,workflow...
2025-05-22 23:00:30.379 [info] Got 0 sessions for read:user,repo,user:email,workflow...
2025-05-22 23:00:30.383 [info] Getting sessions for user:email...
2025-05-22 23:00:30.383 [info] Got 1 sessions for user:email...
2025-05-22 23:10:30.701 [info] Getting sessions for read:user,repo,user:email,workflow...
2025-05-22 23:10:30.701 [info] Got 0 sessions for read:user,repo,user:email,workflow...
2025-05-22 23:10:30.702 [info] Getting sessions for read:user...
2025-05-22 23:10:30.702 [info] Got 0 sessions for read:user...
2025-05-22 23:10:30.702 [info] Getting sessions for user:email...
2025-05-22 23:10:30.702 [info] Got 1 sessions for user:email...
2025-05-22 23:15:30.388 [info] Getting sessions for all scopes...
2025-05-22 23:15:30.388 [info] Got 1 sessions for ...
2025-05-22 23:15:30.389 [info] Getting sessions for read:user,repo,user:email,workflow...
2025-05-22 23:15:30.389 [info] Got 0 sessions for read:user,repo,user:email,workflow...
2025-05-22 23:15:30.390 [info] Getting sessions for user:email...
2025-05-22 23:15:30.390 [info] Got 1 sessions for user:email...
