2025-05-23 15:43:22.396 [info] Reading sessions from keychain...
2025-05-23 15:43:22.396 [info] Getting sessions for all scopes...
2025-05-23 15:43:22.396 [info] Getting sessions for all scopes...
2025-05-23 15:43:22.396 [info] Getting sessions for all scopes...
2025-05-23 15:43:22.396 [info] Getting sessions for all scopes...
2025-05-23 15:43:22.396 [info] Getting sessions for all scopes...
2025-05-23 15:43:22.396 [info] Getting sessions for all scopes...
2025-05-23 15:43:22.396 [info] Getting sessions for all scopes...
2025-05-23 15:43:22.405 [info] Got stored sessions!
2025-05-23 15:43:22.405 [info] Got 1 verified sessions.
2025-05-23 15:43:22.405 [info] Got 1 sessions for ...
2025-05-23 15:43:22.405 [info] Got 1 sessions for ...
2025-05-23 15:43:22.405 [info] Got 1 sessions for ...
2025-05-23 15:43:22.405 [info] Got 1 sessions for ...
2025-05-23 15:43:22.405 [info] Got 1 sessions for ...
2025-05-23 15:43:22.405 [info] Got 1 sessions for ...
2025-05-23 15:43:22.405 [info] Got 1 sessions for ...
2025-05-23 15:43:22.455 [info] Getting sessions for all scopes...
2025-05-23 15:43:22.455 [info] Got 1 sessions for ...
2025-05-23 15:43:22.455 [info] Getting sessions for all scopes...
2025-05-23 15:43:22.455 [info] Got 1 sessions for ...
2025-05-23 15:43:22.456 [info] Getting sessions for all scopes...
2025-05-23 15:43:22.456 [info] Got 1 sessions for ...
2025-05-23 15:43:22.456 [info] Getting sessions for all scopes...
2025-05-23 15:43:22.456 [info] Got 1 sessions for ...
2025-05-23 15:43:22.456 [info] Getting sessions for all scopes...
2025-05-23 15:43:22.456 [info] Got 1 sessions for ...
2025-05-23 15:43:22.456 [info] Getting sessions for all scopes...
2025-05-23 15:43:22.456 [info] Got 1 sessions for ...
2025-05-23 15:43:22.643 [info] Getting sessions for all scopes...
2025-05-23 15:43:22.643 [info] Got 1 sessions for ...
2025-05-23 15:43:23.954 [info] Getting sessions for user:email...
2025-05-23 15:43:23.954 [info] Got 1 sessions for user:email...
2025-05-23 15:43:24.019 [info] Getting sessions for all scopes...
2025-05-23 15:43:24.019 [info] Got 1 sessions for ...
2025-05-23 15:43:24.127 [info] Getting sessions for all scopes...
2025-05-23 15:43:24.127 [info] Got 1 sessions for ...
2025-05-23 15:43:24.282 [info] Getting sessions for all scopes...
2025-05-23 15:43:24.282 [info] Got 1 sessions for ...
2025-05-23 15:43:24.282 [info] Getting sessions for all scopes...
2025-05-23 15:43:24.282 [info] Got 1 sessions for ...
2025-05-23 15:43:24.286 [info] Getting sessions for all scopes...
2025-05-23 15:43:24.286 [info] Got 1 sessions for ...
2025-05-23 15:43:24.487 [info] Getting sessions for all scopes...
2025-05-23 15:43:24.487 [info] Got 1 sessions for ...
2025-05-23 15:43:24.487 [info] Getting sessions for read:user,repo,user:email,workflow...
2025-05-23 15:43:24.487 [info] Got 0 sessions for read:user,repo,user:email,workflow...
2025-05-23 15:43:24.540 [info] Getting sessions for read:user,repo,user:email,workflow...
2025-05-23 15:43:24.540 [info] Got 0 sessions for read:user,repo,user:email,workflow...
2025-05-23 15:43:24.553 [info] Getting sessions for read:user...
2025-05-23 15:43:24.553 [info] Got 0 sessions for read:user...
2025-05-23 15:43:24.915 [info] Getting sessions for user:email...
2025-05-23 15:43:24.915 [info] Got 1 sessions for user:email...
2025-05-23 15:43:24.916 [info] Getting sessions for read:user,repo,user:email,workflow...
2025-05-23 15:43:24.916 [info] Got 0 sessions for read:user,repo,user:email,workflow...
2025-05-23 15:43:24.929 [info] Getting sessions for user:email...
2025-05-23 15:43:24.929 [info] Got 1 sessions for user:email...
2025-05-23 15:43:24.949 [info] Getting sessions for all scopes...
2025-05-23 15:43:24.949 [info] Got 1 sessions for ...
2025-05-23 15:43:25.019 [info] Getting sessions for read:user,repo,user:email,workflow...
2025-05-23 15:43:25.019 [info] Got 0 sessions for read:user,repo,user:email,workflow...
2025-05-23 15:43:25.332 [info] Getting sessions for user:email...
2025-05-23 15:43:25.332 [info] Got 1 sessions for user:email...
2025-05-23 15:43:25.486 [info] Getting sessions for all scopes...
2025-05-23 15:43:25.486 [info] Got 1 sessions for ...
2025-05-23 15:43:25.535 [info] Getting sessions for read:user,repo,user:email,workflow...
2025-05-23 15:43:25.535 [info] Got 0 sessions for read:user,repo,user:email,workflow...
2025-05-23 15:43:25.618 [info] Getting sessions for user:email...
2025-05-23 15:43:25.618 [info] Got 1 sessions for user:email...
2025-05-23 15:43:27.216 [info] Getting sessions for all scopes...
2025-05-23 15:43:27.216 [info] Got 1 sessions for ...
2025-05-23 15:43:27.216 [info] Getting sessions for all scopes...
2025-05-23 15:43:27.216 [info] Got 1 sessions for ...
2025-05-23 15:43:27.226 [info] Getting sessions for read:user,repo,user:email,workflow...
2025-05-23 15:43:27.226 [info] Got 0 sessions for read:user,repo,user:email,workflow...
2025-05-23 15:43:27.227 [info] Getting sessions for user:email...
2025-05-23 15:43:27.227 [info] Got 1 sessions for user:email...
2025-05-23 15:43:27.227 [info] Getting sessions for read:user,repo,user:email,workflow...
2025-05-23 15:43:27.227 [info] Got 0 sessions for read:user,repo,user:email,workflow...
2025-05-23 15:43:27.229 [info] Getting sessions for all scopes...
2025-05-23 15:43:27.229 [info] Got 1 sessions for ...
2025-05-23 15:43:27.229 [info] Getting sessions for read:user,repo,user:email,workflow...
2025-05-23 15:43:27.229 [info] Got 0 sessions for read:user,repo,user:email,workflow...
2025-05-23 15:43:27.230 [info] Getting sessions for user:email...
2025-05-23 15:43:27.230 [info] Got 1 sessions for user:email...
2025-05-23 15:43:27.288 [info] Getting sessions for all scopes...
2025-05-23 15:43:27.288 [info] Got 1 sessions for ...
2025-05-23 15:43:27.290 [info] Getting sessions for read:user,repo,user:email,workflow...
2025-05-23 15:43:27.290 [info] Got 0 sessions for read:user,repo,user:email,workflow...
2025-05-23 15:43:27.291 [info] Getting sessions for user:email...
2025-05-23 15:43:27.291 [info] Got 1 sessions for user:email...
2025-05-23 15:43:27.293 [info] Getting sessions for all scopes...
2025-05-23 15:43:27.293 [info] Got 1 sessions for ...
2025-05-23 15:43:27.294 [info] Getting sessions for all scopes...
2025-05-23 15:43:27.294 [info] Got 1 sessions for ...
2025-05-23 15:43:28.990 [info] Getting sessions for all scopes...
2025-05-23 15:43:28.990 [info] Got 1 sessions for ...
2025-05-23 15:43:28.991 [info] Getting sessions for read:user,repo,user:email,workflow...
2025-05-23 15:43:28.991 [info] Got 0 sessions for read:user,repo,user:email,workflow...
2025-05-23 15:43:28.991 [info] Getting sessions for user:email...
2025-05-23 15:43:28.991 [info] Got 1 sessions for user:email...
