2025-05-23 09:39:15.905 [info] Reading sessions from keychain...
2025-05-23 09:39:15.906 [info] Getting sessions for all scopes...
2025-05-23 09:39:15.906 [info] Getting sessions for all scopes...
2025-05-23 09:39:15.906 [info] Getting sessions for all scopes...
2025-05-23 09:39:15.906 [info] Getting sessions for all scopes...
2025-05-23 09:39:15.906 [info] Getting sessions for all scopes...
2025-05-23 09:39:15.906 [info] Getting sessions for all scopes...
2025-05-23 09:39:15.906 [info] Getting sessions for all scopes...
2025-05-23 09:39:16.080 [info] Got stored sessions!
2025-05-23 09:39:16.080 [info] Got 1 verified sessions.
2025-05-23 09:39:16.080 [info] Got 1 sessions for ...
2025-05-23 09:39:16.080 [info] Got 1 sessions for ...
2025-05-23 09:39:16.080 [info] Got 1 sessions for ...
2025-05-23 09:39:16.080 [info] Got 1 sessions for ...
2025-05-23 09:39:16.080 [info] Got 1 sessions for ...
2025-05-23 09:39:16.080 [info] Got 1 sessions for ...
2025-05-23 09:39:16.080 [info] Got 1 sessions for ...
2025-05-23 09:39:16.332 [info] Getting sessions for all scopes...
2025-05-23 09:39:16.332 [info] Got 1 sessions for ...
2025-05-23 09:39:16.333 [info] Getting sessions for all scopes...
2025-05-23 09:39:16.333 [info] Got 1 sessions for ...
2025-05-23 09:39:16.334 [info] Getting sessions for all scopes...
2025-05-23 09:39:16.334 [info] Got 1 sessions for ...
2025-05-23 09:39:16.334 [info] Getting sessions for all scopes...
2025-05-23 09:39:16.334 [info] Got 1 sessions for ...
2025-05-23 09:39:16.334 [info] Getting sessions for all scopes...
2025-05-23 09:39:16.334 [info] Got 1 sessions for ...
2025-05-23 09:39:16.335 [info] Getting sessions for all scopes...
2025-05-23 09:39:16.335 [info] Got 1 sessions for ...
2025-05-23 09:39:16.417 [info] Getting sessions for all scopes...
2025-05-23 09:39:16.417 [info] Got 1 sessions for ...
2025-05-23 09:39:18.455 [info] Getting sessions for user:email...
2025-05-23 09:39:18.456 [info] Got 1 sessions for user:email...
2025-05-23 09:39:18.475 [info] Getting sessions for all scopes...
2025-05-23 09:39:18.475 [info] Got 1 sessions for ...
2025-05-23 09:39:18.585 [info] Getting sessions for all scopes...
2025-05-23 09:39:18.585 [info] Got 1 sessions for ...
2025-05-23 09:39:18.833 [info] Getting sessions for all scopes...
2025-05-23 09:39:18.833 [info] Got 1 sessions for ...
2025-05-23 09:39:18.833 [info] Getting sessions for all scopes...
2025-05-23 09:39:18.833 [info] Got 1 sessions for ...
2025-05-23 09:39:18.857 [info] Getting sessions for all scopes...
2025-05-23 09:39:18.857 [info] Got 1 sessions for ...
2025-05-23 09:39:19.154 [info] Getting sessions for all scopes...
2025-05-23 09:39:19.154 [info] Got 1 sessions for ...
2025-05-23 09:39:19.154 [info] Getting sessions for read:user,repo,user:email,workflow...
2025-05-23 09:39:19.154 [info] Got 0 sessions for read:user,repo,user:email,workflow...
2025-05-23 09:39:19.327 [info] Getting sessions for read:user,repo,user:email,workflow...
2025-05-23 09:39:19.327 [info] Got 0 sessions for read:user,repo,user:email,workflow...
2025-05-23 09:39:19.374 [info] Getting sessions for read:user...
2025-05-23 09:39:19.374 [info] Got 0 sessions for read:user...
2025-05-23 09:39:20.044 [info] Getting sessions for user:email...
2025-05-23 09:39:20.044 [info] Got 1 sessions for user:email...
2025-05-23 09:39:20.044 [info] Getting sessions for read:user,repo,user:email,workflow...
2025-05-23 09:39:20.044 [info] Got 0 sessions for read:user,repo,user:email,workflow...
2025-05-23 09:39:20.085 [info] Getting sessions for user:email...
2025-05-23 09:39:20.085 [info] Got 1 sessions for user:email...
2025-05-23 09:39:20.124 [info] Getting sessions for all scopes...
2025-05-23 09:39:20.124 [info] Got 1 sessions for ...
2025-05-23 09:39:20.228 [info] Getting sessions for read:user,repo,user:email,workflow...
2025-05-23 09:39:20.228 [info] Got 0 sessions for read:user,repo,user:email,workflow...
2025-05-23 09:39:20.453 [info] Getting sessions for user:email...
2025-05-23 09:39:20.453 [info] Got 1 sessions for user:email...
2025-05-23 09:39:20.470 [info] Getting sessions for all scopes...
2025-05-23 09:39:20.470 [info] Got 1 sessions for ...
2025-05-23 09:39:20.471 [info] Getting sessions for read:user,repo,user:email,workflow...
2025-05-23 09:39:20.471 [info] Got 0 sessions for read:user,repo,user:email,workflow...
2025-05-23 09:39:20.473 [info] Getting sessions for user:email...
2025-05-23 09:39:20.473 [info] Got 1 sessions for user:email...
2025-05-23 09:39:21.930 [info] Getting sessions for all scopes...
2025-05-23 09:39:21.930 [info] Got 1 sessions for ...
2025-05-23 09:39:21.931 [info] Getting sessions for all scopes...
2025-05-23 09:39:21.931 [info] Got 1 sessions for ...
2025-05-23 09:39:21.933 [info] Getting sessions for read:user,repo,user:email,workflow...
2025-05-23 09:39:21.933 [info] Got 0 sessions for read:user,repo,user:email,workflow...
2025-05-23 09:39:21.934 [info] Getting sessions for user:email...
2025-05-23 09:39:21.934 [info] Got 1 sessions for user:email...
2025-05-23 09:39:21.935 [info] Getting sessions for read:user,repo,user:email,workflow...
2025-05-23 09:39:21.935 [info] Got 0 sessions for read:user,repo,user:email,workflow...
2025-05-23 09:39:21.942 [info] Getting sessions for all scopes...
2025-05-23 09:39:21.942 [info] Got 1 sessions for ...
2025-05-23 09:39:21.944 [info] Getting sessions for read:user,repo,user:email,workflow...
2025-05-23 09:39:21.944 [info] Got 0 sessions for read:user,repo,user:email,workflow...
2025-05-23 09:39:21.946 [info] Getting sessions for user:email...
2025-05-23 09:39:21.946 [info] Got 1 sessions for user:email...
2025-05-23 09:39:22.047 [info] Getting sessions for all scopes...
2025-05-23 09:39:22.047 [info] Got 1 sessions for ...
2025-05-23 09:39:22.049 [info] Getting sessions for read:user,repo,user:email,workflow...
2025-05-23 09:39:22.049 [info] Got 0 sessions for read:user,repo,user:email,workflow...
2025-05-23 09:39:22.050 [info] Getting sessions for user:email...
2025-05-23 09:39:22.050 [info] Got 1 sessions for user:email...
2025-05-23 09:39:22.054 [info] Getting sessions for all scopes...
2025-05-23 09:39:22.054 [info] Got 1 sessions for ...
2025-05-23 09:39:22.055 [info] Getting sessions for all scopes...
2025-05-23 09:39:22.055 [info] Got 1 sessions for ...
2025-05-23 09:39:23.905 [info] Getting sessions for all scopes...
2025-05-23 09:39:23.905 [info] Got 1 sessions for ...
2025-05-23 09:39:23.923 [info] Getting sessions for read:user,repo,user:email,workflow...
2025-05-23 09:39:23.924 [info] Got 0 sessions for read:user,repo,user:email,workflow...
2025-05-23 09:39:23.925 [info] Getting sessions for user:email...
2025-05-23 09:39:23.925 [info] Got 1 sessions for user:email...
2025-05-23 09:54:23.927 [info] Getting sessions for all scopes...
2025-05-23 09:54:23.927 [info] Got 1 sessions for ...
2025-05-23 09:54:23.928 [info] Getting sessions for read:user,repo,user:email,workflow...
2025-05-23 09:54:23.928 [info] Got 0 sessions for read:user,repo,user:email,workflow...
2025-05-23 09:54:23.929 [info] Getting sessions for user:email...
2025-05-23 09:54:23.929 [info] Got 1 sessions for user:email...
2025-05-23 09:54:23.930 [info] Getting sessions for all scopes...
2025-05-23 09:54:23.930 [info] Got 1 sessions for ...
2025-05-23 09:54:23.930 [info] Getting sessions for read:user,repo,user:email,workflow...
2025-05-23 09:54:23.930 [info] Got 0 sessions for read:user,repo,user:email,workflow...
2025-05-23 09:54:23.931 [info] Getting sessions for user:email...
2025-05-23 09:54:23.931 [info] Got 1 sessions for user:email...
2025-05-23 10:06:59.802 [info] Getting sessions for read:user,repo,user:email,workflow...
2025-05-23 10:06:59.802 [info] Got 0 sessions for read:user,repo,user:email,workflow...
2025-05-23 10:06:59.802 [info] Getting sessions for read:user...
2025-05-23 10:06:59.802 [info] Got 0 sessions for read:user...
2025-05-23 10:06:59.803 [info] Getting sessions for user:email...
2025-05-23 10:06:59.803 [info] Got 1 sessions for user:email...
2025-05-23 10:09:24.973 [info] Getting sessions for all scopes...
2025-05-23 10:09:24.973 [info] Got 1 sessions for ...
2025-05-23 10:09:24.974 [info] Getting sessions for read:user,repo,user:email,workflow...
2025-05-23 10:09:24.974 [info] Got 0 sessions for read:user,repo,user:email,workflow...
2025-05-23 10:09:24.975 [info] Getting sessions for user:email...
2025-05-23 10:09:24.975 [info] Got 1 sessions for user:email...
2025-05-23 10:09:24.977 [info] Getting sessions for all scopes...
2025-05-23 10:09:24.977 [info] Got 1 sessions for ...
2025-05-23 10:09:24.978 [info] Getting sessions for read:user,repo,user:email,workflow...
2025-05-23 10:09:24.978 [info] Got 0 sessions for read:user,repo,user:email,workflow...
2025-05-23 10:09:24.979 [info] Getting sessions for user:email...
2025-05-23 10:09:24.979 [info] Got 1 sessions for user:email...
2025-05-23 10:09:26.700 [info] Getting sessions for all scopes...
2025-05-23 10:09:26.700 [info] Got 1 sessions for ...
2025-05-23 10:09:26.701 [info] Getting sessions for all scopes...
2025-05-23 10:09:26.701 [info] Got 1 sessions for ...
2025-05-23 10:09:26.701 [info] Getting sessions for read:user,repo,user:email,workflow...
2025-05-23 10:09:26.701 [info] Got 0 sessions for read:user,repo,user:email,workflow...
2025-05-23 10:09:26.702 [info] Getting sessions for user:email...
2025-05-23 10:09:26.702 [info] Got 1 sessions for user:email...
2025-05-23 10:09:26.702 [info] Getting sessions for read:user,repo,user:email,workflow...
2025-05-23 10:09:26.702 [info] Got 0 sessions for read:user,repo,user:email,workflow...
2025-05-23 10:09:26.702 [info] Getting sessions for all scopes...
2025-05-23 10:09:26.702 [info] Got 1 sessions for ...
2025-05-23 10:09:26.703 [info] Getting sessions for read:user,repo,user:email,workflow...
2025-05-23 10:09:26.703 [info] Got 0 sessions for read:user,repo,user:email,workflow...
2025-05-23 10:09:26.704 [info] Getting sessions for user:email...
2025-05-23 10:09:26.704 [info] Got 1 sessions for user:email...
2025-05-23 10:09:26.706 [info] Getting sessions for all scopes...
2025-05-23 10:09:26.706 [info] Got 1 sessions for ...
2025-05-23 10:09:26.706 [info] Getting sessions for read:user,repo,user:email,workflow...
2025-05-23 10:09:26.706 [info] Got 0 sessions for read:user,repo,user:email,workflow...
2025-05-23 10:09:26.707 [info] Getting sessions for user:email...
2025-05-23 10:09:26.707 [info] Got 1 sessions for user:email...
2025-05-23 10:10:18.474 [info] Getting sessions for read:user,repo,user:email,workflow...
2025-05-23 10:10:18.474 [info] Got 0 sessions for read:user,repo,user:email,workflow...
2025-05-23 10:10:18.680 [info] Getting sessions for all scopes...
2025-05-23 10:10:18.680 [info] Got 1 sessions for ...
2025-05-23 10:10:18.741 [info] Getting sessions for read:user,repo,user:email,workflow...
2025-05-23 10:10:18.741 [info] Got 0 sessions for read:user,repo,user:email,workflow...
2025-05-23 10:10:18.742 [info] Getting sessions for read:user,repo,user:email,workflow...
2025-05-23 10:10:18.742 [info] Got 0 sessions for read:user,repo,user:email,workflow...
2025-05-23 10:10:18.742 [info] Getting sessions for all scopes...
2025-05-23 10:10:18.742 [info] Got 1 sessions for ...
2025-05-23 10:10:18.743 [info] Getting sessions for read:user,repo,user:email,workflow...
2025-05-23 10:10:18.743 [info] Got 0 sessions for read:user,repo,user:email,workflow...
2025-05-23 10:10:18.743 [info] Getting sessions for user:email...
2025-05-23 10:10:18.743 [info] Got 1 sessions for user:email...
2025-05-23 10:24:26.709 [info] Getting sessions for all scopes...
2025-05-23 10:24:26.709 [info] Got 1 sessions for ...
2025-05-23 10:24:26.710 [info] Getting sessions for read:user,repo,user:email,workflow...
2025-05-23 10:24:26.710 [info] Got 0 sessions for read:user,repo,user:email,workflow...
2025-05-23 10:24:26.711 [info] Getting sessions for user:email...
2025-05-23 10:24:26.711 [info] Got 1 sessions for user:email...
2025-05-23 10:24:26.712 [info] Getting sessions for all scopes...
2025-05-23 10:24:26.712 [info] Got 1 sessions for ...
2025-05-23 10:24:26.712 [info] Getting sessions for read:user,repo,user:email,workflow...
2025-05-23 10:24:26.713 [info] Got 0 sessions for read:user,repo,user:email,workflow...
2025-05-23 10:24:26.713 [info] Getting sessions for user:email...
2025-05-23 10:24:26.713 [info] Got 1 sessions for user:email...
2025-05-23 10:32:00.780 [info] Getting sessions for read:user,repo,user:email,workflow...
2025-05-23 10:32:00.780 [info] Got 0 sessions for read:user,repo,user:email,workflow...
2025-05-23 10:32:00.780 [info] Getting sessions for read:user...
2025-05-23 10:32:00.780 [info] Got 0 sessions for read:user...
2025-05-23 10:32:00.781 [info] Getting sessions for user:email...
2025-05-23 10:32:00.781 [info] Got 1 sessions for user:email...
2025-05-23 10:39:28.749 [info] Getting sessions for all scopes...
2025-05-23 10:39:28.749 [info] Got 1 sessions for ...
2025-05-23 10:39:28.750 [info] Getting sessions for read:user,repo,user:email,workflow...
2025-05-23 10:39:28.750 [info] Got 0 sessions for read:user,repo,user:email,workflow...
2025-05-23 10:39:28.750 [info] Getting sessions for user:email...
2025-05-23 10:39:28.750 [info] Got 1 sessions for user:email...
2025-05-23 10:39:28.751 [info] Getting sessions for all scopes...
2025-05-23 10:39:28.751 [info] Got 1 sessions for ...
2025-05-23 10:39:28.752 [info] Getting sessions for read:user,repo,user:email,workflow...
2025-05-23 10:39:28.752 [info] Got 0 sessions for read:user,repo,user:email,workflow...
2025-05-23 10:39:28.752 [info] Getting sessions for user:email...
2025-05-23 10:39:28.752 [info] Got 1 sessions for user:email...
2025-05-23 10:39:29.952 [info] Getting sessions for all scopes...
2025-05-23 10:39:29.953 [info] Got 1 sessions for ...
2025-05-23 10:39:29.953 [info] Getting sessions for all scopes...
2025-05-23 10:39:29.953 [info] Got 1 sessions for ...
2025-05-23 10:39:29.953 [info] Getting sessions for read:user,repo,user:email,workflow...
2025-05-23 10:39:29.953 [info] Got 0 sessions for read:user,repo,user:email,workflow...
2025-05-23 10:39:29.954 [info] Getting sessions for user:email...
2025-05-23 10:39:29.954 [info] Got 1 sessions for user:email...
2025-05-23 10:39:29.954 [info] Getting sessions for read:user,repo,user:email,workflow...
2025-05-23 10:39:29.954 [info] Got 0 sessions for read:user,repo,user:email,workflow...
2025-05-23 10:39:29.956 [info] Getting sessions for all scopes...
2025-05-23 10:39:29.956 [info] Got 1 sessions for ...
2025-05-23 10:39:29.956 [info] Getting sessions for read:user,repo,user:email,workflow...
2025-05-23 10:39:29.956 [info] Got 0 sessions for read:user,repo,user:email,workflow...
2025-05-23 10:39:29.957 [info] Getting sessions for user:email...
2025-05-23 10:39:29.957 [info] Got 1 sessions for user:email...
2025-05-23 10:39:29.959 [info] Getting sessions for all scopes...
2025-05-23 10:39:29.959 [info] Got 1 sessions for ...
2025-05-23 10:39:29.959 [info] Getting sessions for read:user,repo,user:email,workflow...
2025-05-23 10:39:29.959 [info] Got 0 sessions for read:user,repo,user:email,workflow...
2025-05-23 10:39:29.960 [info] Getting sessions for user:email...
2025-05-23 10:39:29.960 [info] Got 1 sessions for user:email...
2025-05-23 10:39:31.430 [info] Getting sessions for all scopes...
2025-05-23 10:39:31.430 [info] Got 1 sessions for ...
2025-05-23 10:39:31.431 [info] Getting sessions for read:user,repo,user:email,workflow...
2025-05-23 10:39:31.431 [info] Got 0 sessions for read:user,repo,user:email,workflow...
2025-05-23 10:39:31.432 [info] Getting sessions for user:email...
2025-05-23 10:39:31.432 [info] Got 1 sessions for user:email...
2025-05-23 10:54:31.432 [info] Getting sessions for all scopes...
2025-05-23 10:54:31.432 [info] Got 1 sessions for ...
2025-05-23 10:54:31.433 [info] Getting sessions for read:user,repo,user:email,workflow...
2025-05-23 10:54:31.433 [info] Got 0 sessions for read:user,repo,user:email,workflow...
2025-05-23 10:54:31.433 [info] Getting sessions for user:email...
2025-05-23 10:54:31.433 [info] Got 1 sessions for user:email...
2025-05-23 10:54:31.434 [info] Getting sessions for all scopes...
2025-05-23 10:54:31.434 [info] Got 1 sessions for ...
2025-05-23 10:54:31.435 [info] Getting sessions for read:user,repo,user:email,workflow...
2025-05-23 10:54:31.435 [info] Got 0 sessions for read:user,repo,user:email,workflow...
2025-05-23 10:54:31.435 [info] Getting sessions for user:email...
2025-05-23 10:54:31.435 [info] Got 1 sessions for user:email...
2025-05-23 10:59:42.675 [info] Getting sessions for read:user,repo,user:email,workflow...
2025-05-23 10:59:42.675 [info] Got 0 sessions for read:user,repo,user:email,workflow...
2025-05-23 10:59:42.692 [info] Getting sessions for read:user...
2025-05-23 10:59:42.692 [info] Got 0 sessions for read:user...
2025-05-23 10:59:42.696 [info] Getting sessions for user:email...
2025-05-23 10:59:42.696 [info] Got 1 sessions for user:email...
2025-05-23 11:09:32.718 [info] Getting sessions for all scopes...
2025-05-23 11:09:32.718 [info] Got 1 sessions for ...
2025-05-23 11:09:32.719 [info] Getting sessions for read:user,repo,user:email,workflow...
2025-05-23 11:09:32.721 [info] Got 0 sessions for read:user,repo,user:email,workflow...
2025-05-23 11:09:32.722 [info] Getting sessions for user:email...
2025-05-23 11:09:32.722 [info] Got 1 sessions for user:email...
2025-05-23 11:09:32.723 [info] Getting sessions for all scopes...
2025-05-23 11:09:32.723 [info] Got 1 sessions for ...
2025-05-23 11:09:32.723 [info] Getting sessions for read:user,repo,user:email,workflow...
2025-05-23 11:09:32.723 [info] Got 0 sessions for read:user,repo,user:email,workflow...
2025-05-23 11:09:32.724 [info] Getting sessions for user:email...
2025-05-23 11:09:32.724 [info] Got 1 sessions for user:email...
2025-05-23 11:09:34.201 [info] Getting sessions for all scopes...
2025-05-23 11:09:34.201 [info] Got 1 sessions for ...
2025-05-23 11:09:34.201 [info] Getting sessions for all scopes...
2025-05-23 11:09:34.201 [info] Got 1 sessions for ...
2025-05-23 11:09:34.202 [info] Getting sessions for read:user,repo,user:email,workflow...
2025-05-23 11:09:34.202 [info] Got 0 sessions for read:user,repo,user:email,workflow...
2025-05-23 11:09:34.202 [info] Getting sessions for user:email...
2025-05-23 11:09:34.202 [info] Got 1 sessions for user:email...
2025-05-23 11:09:34.202 [info] Getting sessions for read:user,repo,user:email,workflow...
2025-05-23 11:09:34.202 [info] Got 0 sessions for read:user,repo,user:email,workflow...
2025-05-23 11:09:34.203 [info] Getting sessions for all scopes...
2025-05-23 11:09:34.203 [info] Got 1 sessions for ...
2025-05-23 11:09:34.204 [info] Getting sessions for read:user,repo,user:email,workflow...
2025-05-23 11:09:34.204 [info] Got 0 sessions for read:user,repo,user:email,workflow...
2025-05-23 11:09:34.204 [info] Getting sessions for user:email...
2025-05-23 11:09:34.204 [info] Got 1 sessions for user:email...
2025-05-23 11:09:34.205 [info] Getting sessions for all scopes...
2025-05-23 11:09:34.205 [info] Got 1 sessions for ...
2025-05-23 11:09:34.206 [info] Getting sessions for read:user,repo,user:email,workflow...
2025-05-23 11:09:34.206 [info] Got 0 sessions for read:user,repo,user:email,workflow...
2025-05-23 11:09:34.207 [info] Getting sessions for user:email...
2025-05-23 11:09:34.207 [info] Got 1 sessions for user:email...
2025-05-23 11:09:35.452 [info] Getting sessions for all scopes...
2025-05-23 11:09:35.452 [info] Got 1 sessions for ...
2025-05-23 11:09:35.453 [info] Getting sessions for read:user,repo,user:email,workflow...
2025-05-23 11:09:35.453 [info] Got 0 sessions for read:user,repo,user:email,workflow...
2025-05-23 11:09:35.454 [info] Getting sessions for user:email...
2025-05-23 11:09:35.454 [info] Got 1 sessions for user:email...
2025-05-23 11:24:35.455 [info] Getting sessions for all scopes...
2025-05-23 11:24:35.455 [info] Got 1 sessions for ...
2025-05-23 11:24:35.456 [info] Getting sessions for read:user,repo,user:email,workflow...
2025-05-23 11:24:35.460 [info] Got 0 sessions for read:user,repo,user:email,workflow...
2025-05-23 11:24:35.461 [info] Getting sessions for user:email...
2025-05-23 11:24:35.461 [info] Got 1 sessions for user:email...
2025-05-23 11:24:35.462 [info] Getting sessions for all scopes...
2025-05-23 11:24:35.462 [info] Got 1 sessions for ...
2025-05-23 11:24:35.463 [info] Getting sessions for read:user,repo,user:email,workflow...
2025-05-23 11:24:35.463 [info] Got 0 sessions for read:user,repo,user:email,workflow...
2025-05-23 11:24:35.464 [info] Getting sessions for user:email...
2025-05-23 11:24:35.464 [info] Got 1 sessions for user:email...
2025-05-23 11:24:52.057 [info] Getting sessions for read:user,repo,user:email,workflow...
2025-05-23 11:24:52.057 [info] Got 0 sessions for read:user,repo,user:email,workflow...
2025-05-23 11:24:52.058 [info] Getting sessions for read:user...
2025-05-23 11:24:52.058 [info] Got 0 sessions for read:user...
2025-05-23 11:24:52.059 [info] Getting sessions for user:email...
2025-05-23 11:24:52.059 [info] Got 1 sessions for user:email...
2025-05-23 11:39:36.755 [info] Getting sessions for all scopes...
2025-05-23 11:39:36.755 [info] Got 1 sessions for ...
2025-05-23 11:39:36.756 [info] Getting sessions for read:user,repo,user:email,workflow...
2025-05-23 11:39:36.756 [info] Got 0 sessions for read:user,repo,user:email,workflow...
2025-05-23 11:39:36.757 [info] Getting sessions for user:email...
2025-05-23 11:39:36.757 [info] Got 1 sessions for user:email...
2025-05-23 11:39:36.758 [info] Getting sessions for all scopes...
2025-05-23 11:39:36.758 [info] Got 1 sessions for ...
2025-05-23 11:39:36.758 [info] Getting sessions for read:user,repo,user:email,workflow...
2025-05-23 11:39:36.758 [info] Got 0 sessions for read:user,repo,user:email,workflow...
2025-05-23 11:39:36.759 [info] Getting sessions for user:email...
2025-05-23 11:39:36.759 [info] Got 1 sessions for user:email...
2025-05-23 11:39:38.010 [info] Getting sessions for all scopes...
2025-05-23 11:39:38.010 [info] Got 1 sessions for ...
2025-05-23 11:39:38.010 [info] Getting sessions for all scopes...
2025-05-23 11:39:38.010 [info] Got 1 sessions for ...
2025-05-23 11:39:38.010 [info] Getting sessions for read:user,repo,user:email,workflow...
2025-05-23 11:39:38.010 [info] Got 0 sessions for read:user,repo,user:email,workflow...
2025-05-23 11:39:38.011 [info] Getting sessions for user:email...
2025-05-23 11:39:38.011 [info] Got 1 sessions for user:email...
2025-05-23 11:39:38.011 [info] Getting sessions for read:user,repo,user:email,workflow...
2025-05-23 11:39:38.011 [info] Got 0 sessions for read:user,repo,user:email,workflow...
2025-05-23 11:39:38.012 [info] Getting sessions for all scopes...
2025-05-23 11:39:38.012 [info] Got 1 sessions for ...
2025-05-23 11:39:38.013 [info] Getting sessions for read:user,repo,user:email,workflow...
2025-05-23 11:39:38.013 [info] Got 0 sessions for read:user,repo,user:email,workflow...
2025-05-23 11:39:38.013 [info] Getting sessions for user:email...
2025-05-23 11:39:38.013 [info] Got 1 sessions for user:email...
2025-05-23 11:39:38.015 [info] Getting sessions for all scopes...
2025-05-23 11:39:38.015 [info] Got 1 sessions for ...
2025-05-23 11:39:38.016 [info] Getting sessions for read:user,repo,user:email,workflow...
2025-05-23 11:39:38.016 [info] Got 0 sessions for read:user,repo,user:email,workflow...
2025-05-23 11:39:38.016 [info] Getting sessions for user:email...
2025-05-23 11:39:38.016 [info] Got 1 sessions for user:email...
2025-05-23 11:39:39.161 [info] Getting sessions for all scopes...
2025-05-23 11:39:39.161 [info] Got 1 sessions for ...
2025-05-23 11:39:39.161 [info] Getting sessions for read:user,repo,user:email,workflow...
2025-05-23 11:39:39.161 [info] Got 0 sessions for read:user,repo,user:email,workflow...
2025-05-23 11:39:39.162 [info] Getting sessions for user:email...
2025-05-23 11:39:39.162 [info] Got 1 sessions for user:email...
2025-05-23 11:54:39.164 [info] Getting sessions for all scopes...
2025-05-23 11:54:39.164 [info] Got 1 sessions for ...
2025-05-23 11:54:39.165 [info] Getting sessions for read:user,repo,user:email,workflow...
2025-05-23 11:54:39.165 [info] Got 0 sessions for read:user,repo,user:email,workflow...
2025-05-23 11:54:39.165 [info] Getting sessions for user:email...
2025-05-23 11:54:39.165 [info] Got 1 sessions for user:email...
2025-05-23 11:55:01.953 [info] Getting sessions for read:user,repo,user:email,workflow...
2025-05-23 11:55:01.953 [info] Got 0 sessions for read:user,repo,user:email,workflow...
2025-05-23 11:55:01.964 [info] Getting sessions for read:user...
2025-05-23 11:55:01.964 [info] Got 0 sessions for read:user...
2025-05-23 11:55:01.967 [info] Getting sessions for user:email...
2025-05-23 11:55:01.967 [info] Got 1 sessions for user:email...
