2025-05-23 20:21:15.887 [info] Reading sessions from keychain...
2025-05-23 20:21:15.887 [info] Getting sessions for all scopes...
2025-05-23 20:21:15.887 [info] Getting sessions for all scopes...
2025-05-23 20:21:15.887 [info] Getting sessions for all scopes...
2025-05-23 20:21:15.887 [info] Getting sessions for all scopes...
2025-05-23 20:21:15.887 [info] Getting sessions for all scopes...
2025-05-23 20:21:15.887 [info] Getting sessions for all scopes...
2025-05-23 20:21:15.887 [info] Getting sessions for all scopes...
2025-05-23 20:21:15.946 [info] Got stored sessions!
2025-05-23 20:21:15.946 [info] Got 1 verified sessions.
2025-05-23 20:21:15.946 [info] Got 1 sessions for ...
2025-05-23 20:21:15.946 [info] Got 1 sessions for ...
2025-05-23 20:21:15.946 [info] Got 1 sessions for ...
2025-05-23 20:21:15.946 [info] Got 1 sessions for ...
2025-05-23 20:21:15.946 [info] Got 1 sessions for ...
2025-05-23 20:21:15.946 [info] Got 1 sessions for ...
2025-05-23 20:21:15.946 [info] Got 1 sessions for ...
2025-05-23 20:21:15.969 [info] Getting sessions for all scopes...
2025-05-23 20:21:15.969 [info] Got 1 sessions for ...
2025-05-23 20:21:15.970 [info] Getting sessions for all scopes...
2025-05-23 20:21:15.970 [info] Got 1 sessions for ...
2025-05-23 20:21:15.970 [info] Getting sessions for all scopes...
2025-05-23 20:21:15.970 [info] Got 1 sessions for ...
2025-05-23 20:21:15.970 [info] Getting sessions for all scopes...
2025-05-23 20:21:15.970 [info] Got 1 sessions for ...
2025-05-23 20:21:15.970 [info] Getting sessions for all scopes...
2025-05-23 20:21:15.970 [info] Got 1 sessions for ...
2025-05-23 20:21:15.970 [info] Getting sessions for all scopes...
2025-05-23 20:21:15.970 [info] Got 1 sessions for ...
2025-05-23 20:21:16.095 [info] Getting sessions for all scopes...
2025-05-23 20:21:16.095 [info] Got 1 sessions for ...
2025-05-23 20:21:17.341 [info] Getting sessions for user:email...
2025-05-23 20:21:17.341 [info] Got 1 sessions for user:email...
2025-05-23 20:21:17.358 [info] Getting sessions for all scopes...
2025-05-23 20:21:17.358 [info] Got 1 sessions for ...
2025-05-23 20:21:17.492 [info] Getting sessions for all scopes...
2025-05-23 20:21:17.492 [info] Got 1 sessions for ...
2025-05-23 20:21:17.570 [info] Getting sessions for all scopes...
2025-05-23 20:21:17.570 [info] Got 1 sessions for ...
2025-05-23 20:21:17.570 [info] Getting sessions for all scopes...
2025-05-23 20:21:17.570 [info] Got 1 sessions for ...
2025-05-23 20:21:17.809 [info] Getting sessions for all scopes...
2025-05-23 20:21:17.809 [info] Got 1 sessions for ...
2025-05-23 20:21:17.882 [info] Getting sessions for all scopes...
2025-05-23 20:21:17.882 [info] Got 1 sessions for ...
2025-05-23 20:21:17.882 [info] Getting sessions for read:user,repo,user:email,workflow...
2025-05-23 20:21:17.882 [info] Got 0 sessions for read:user,repo,user:email,workflow...
2025-05-23 20:21:17.911 [info] Getting sessions for read:user,repo,user:email,workflow...
2025-05-23 20:21:17.911 [info] Got 0 sessions for read:user,repo,user:email,workflow...
2025-05-23 20:21:18.378 [info] Getting sessions for read:user...
2025-05-23 20:21:18.378 [info] Got 0 sessions for read:user...
2025-05-23 20:21:18.449 [info] Getting sessions for user:email...
2025-05-23 20:21:18.449 [info] Got 1 sessions for user:email...
2025-05-23 20:21:18.450 [info] Getting sessions for read:user,repo,user:email,workflow...
2025-05-23 20:21:18.450 [info] Got 0 sessions for read:user,repo,user:email,workflow...
2025-05-23 20:21:18.496 [info] Getting sessions for user:email...
2025-05-23 20:21:18.496 [info] Got 1 sessions for user:email...
2025-05-23 20:21:18.513 [info] Getting sessions for all scopes...
2025-05-23 20:21:18.513 [info] Got 1 sessions for ...
2025-05-23 20:21:18.558 [info] Getting sessions for read:user,repo,user:email,workflow...
2025-05-23 20:21:18.558 [info] Got 0 sessions for read:user,repo,user:email,workflow...
2025-05-23 20:21:18.745 [info] Getting sessions for user:email...
2025-05-23 20:21:18.745 [info] Got 1 sessions for user:email...
2025-05-23 20:21:18.807 [info] Getting sessions for all scopes...
2025-05-23 20:21:18.807 [info] Got 1 sessions for ...
2025-05-23 20:21:18.832 [info] Getting sessions for read:user,repo,user:email,workflow...
2025-05-23 20:21:18.832 [info] Got 0 sessions for read:user,repo,user:email,workflow...
2025-05-23 20:21:18.855 [info] Getting sessions for user:email...
2025-05-23 20:21:18.855 [info] Got 1 sessions for user:email...
2025-05-23 20:21:20.144 [info] Getting sessions for all scopes...
2025-05-23 20:21:20.144 [info] Got 1 sessions for ...
2025-05-23 20:21:20.144 [info] Getting sessions for all scopes...
2025-05-23 20:21:20.144 [info] Got 1 sessions for ...
2025-05-23 20:21:20.154 [info] Getting sessions for read:user,repo,user:email,workflow...
2025-05-23 20:21:20.154 [info] Got 0 sessions for read:user,repo,user:email,workflow...
2025-05-23 20:21:20.155 [info] Getting sessions for user:email...
2025-05-23 20:21:20.155 [info] Got 1 sessions for user:email...
2025-05-23 20:21:20.156 [info] Getting sessions for read:user,repo,user:email,workflow...
2025-05-23 20:21:20.156 [info] Got 0 sessions for read:user,repo,user:email,workflow...
2025-05-23 20:21:20.158 [info] Getting sessions for all scopes...
2025-05-23 20:21:20.158 [info] Got 1 sessions for ...
2025-05-23 20:21:20.159 [info] Getting sessions for read:user,repo,user:email,workflow...
2025-05-23 20:21:20.159 [info] Got 0 sessions for read:user,repo,user:email,workflow...
2025-05-23 20:21:20.161 [info] Getting sessions for user:email...
2025-05-23 20:21:20.161 [info] Got 1 sessions for user:email...
2025-05-23 20:21:20.239 [info] Getting sessions for all scopes...
2025-05-23 20:21:20.239 [info] Got 1 sessions for ...
2025-05-23 20:21:20.256 [info] Getting sessions for read:user,repo,user:email,workflow...
2025-05-23 20:21:20.256 [info] Got 0 sessions for read:user,repo,user:email,workflow...
2025-05-23 20:21:20.256 [info] Getting sessions for user:email...
2025-05-23 20:21:20.256 [info] Got 1 sessions for user:email...
2025-05-23 20:21:20.262 [info] Getting sessions for all scopes...
2025-05-23 20:21:20.262 [info] Got 1 sessions for ...
2025-05-23 20:21:20.264 [info] Getting sessions for all scopes...
2025-05-23 20:21:20.264 [info] Got 1 sessions for ...
2025-05-23 20:21:21.778 [info] Getting sessions for all scopes...
2025-05-23 20:21:21.778 [info] Got 1 sessions for ...
2025-05-23 20:21:21.779 [info] Getting sessions for read:user,repo,user:email,workflow...
2025-05-23 20:21:21.779 [info] Got 0 sessions for read:user,repo,user:email,workflow...
2025-05-23 20:21:21.779 [info] Getting sessions for user:email...
2025-05-23 20:21:21.780 [info] Got 1 sessions for user:email...
2025-05-23 20:36:21.783 [info] Getting sessions for all scopes...
2025-05-23 20:36:21.783 [info] Got 1 sessions for ...
2025-05-23 20:36:21.783 [info] Getting sessions for read:user,repo,user:email,workflow...
2025-05-23 20:36:21.783 [info] Got 0 sessions for read:user,repo,user:email,workflow...
2025-05-23 20:36:21.784 [info] Getting sessions for user:email...
2025-05-23 20:36:21.784 [info] Got 1 sessions for user:email...
